UStateClustering 1.5.0
----------------------

Using only LCS distance

Trovate 160 immagini:
Error in pixReadStream: Unknown format: no pix returned
Error in pixRead: pix not read
Error in pixGetDimensions: pix not defined
Error in pixClipRectangle: pixs not defined
Error in pixGetDimensions: pix not defined
Error in pixGetDimensions: pix not defined
Error in pixGetDimensions: pix not defined
Error in pixReadStream: Unknown format: no pix returned
Error in pixRead: pix not read
Error in pixGetDimensions: pix not defined
Error in pixClipRectangle: pixs not defined
Error in pixGetDimensions: pix not defined
Error in pixGetDimensions: pix not defined
Error in pixGetDimensions: pix not defined
Error in pixReadStream: Unknown format: no pix returned
Error in pixRead: pix not read
Error in pixGetDimensions: pix not defined
Error in pixClipRectangle: pixs not defined
Error in pixGetDimensions: pix not defined
Error in pixGetDimensions: pix not defined
Error in pixGetDimensions: pix not defined
Error in pixReadStream: Unknown format: no pix returned
Error in pixRead: pix not read
Error in pixGetDimensions: pix not defined
Error in pixClipRectangle: pixs not defined
Error in pixGetDimensions: pix not defined
Error in pixGetDimensions: pix not defined
Error in pixGetDimensions: pix not defined
Error in pixReadStream: Unknown format: no pix returned
Error in pixRead: pix not read
Error in pixGetDimensions: pix not defined
Error in pixClipRectangle: pixs not defined
Error in pixGetDimensions: pix not defined
Error in pixGetDimensions: pix not defined
Error in pixGetDimensions: pix not defined
Error in pixReadStream: Unknown format: no pix returned
Error in pixRead: pix not read
Error in pixGetDimensions: pix not defined
Error in pixClipRectangle: pixs not defined
Error in pixGetDimensions: pix not defined
Error in pixGetDimensions: pix not defined
Error in pixGetDimensions: pix not defined
Error in pixReadStream: Unknown format: no pix returned
Error in pixRead: pix not read
Error in pixGetDimensions: pix not defined
Error in pixClipRectangle: pixs not defined
Error in pixGetDimensions: pix not defined
Error in pixGetDimensions: pix not defined
Error in pixGetDimensions: pix not defined
Error in pixReadStream: Unknown format: no pix returned
Error in pixRead: pix not read
Error in pixGetDimensions: pix not defined
Error in pixClipRectangle: pixs not defined
Error in pixGetDimensions: pix not defined
Error in pixGetDimensions: pix not defined
Error in pixGetDimensions: pix not defined
Error in pixReadStream: Unknown format: no pix returned
Error in pixRead: pix not read
Error in pixGetDimensions: pix not defined
Error in pixClipRectangle: pixs not defined
Error in pixGetDimensions: pix not defined
Error in pixGetDimensions: pix not defined
Error in pixGetDimensions: pix not defined
Error in pixReadStream: Unknown format: no pix returned
Error in pixRead: pix not read
Error in pixGetDimensions: pix not defined
Error in pixClipRectangle: pixs not defined
Error in pixGetDimensions: pix not defined
Error in pixGetDimensions: pix not defined
Error in pixGetDimensions: pix not defined
Error in pixReadStream: Unknown format: no pix returned
Error in pixRead: pix not read
Error in pixGetDimensions: pix not defined
Error in pixClipRectangle: pixs not defined
Error in pixGetDimensions: pix not defined
Error in pixGetDimensions: pix not defined
Error in pixGetDimensions: pix not defined
Error in pixReadStream: Unknown format: no pix returned
Error in pixRead: pix not read
Error in pixGetDimensions: pix not defined
Error in pixClipRectangle: pixs not defined
Error in pixGetDimensions: pix not defined
Error in pixGetDimensions: pix not defined
Error in pixGetDimensions: pix not defined
Error in pixReadStream: Unknown format: no pix returned
Error in pixRead: pix not read
Error in pixGetDimensions: pix not defined
Error in pixClipRectangle: pixs not defined
Error in pixGetDimensions: pix not defined
Error in pixGetDimensions: pix not defined
Error in pixGetDimensions: pix not defined
Error in pixReadStream: Unknown format: no pix returned
Error in pixRead: pix not read
Error in pixGetDimensions: pix not defined
Error in pixClipRectangle: pixs not defined
Error in pixGetDimensions: pix not defined
Error in pixGetDimensions: pix not defined
Error in pixGetDimensions: pix not defined
Error in pixReadStream: Unknown format: no pix returned
Error in pixRead: pix not read
Error in pixGetDimensions: pix not defined
Error in pixClipRectangle: pixs not defined
Error in pixGetDimensions: pix not defined
Error in pixGetDimensions: pix not defined
Error in pixGetDimensions: pix not defined
Error in pixReadStream: Unknown format: no pix returned
Error in pixRead: pix not read
Error in pixGetDimensions: pix not defined
Error in pixClipRectangle: pixs not defined
Error in pixGetDimensions: pix not defined
Error in pixGetDimensions: pix not defined
Error in pixGetDimensions: pix not defined
Error in pixReadStream: Unknown format: no pix returned
Error in pixRead: pix not read
Error in pixGetDimensions: pix not defined
Error in pixClipRectangle: pixs not defined
Error in pixGetDimensions: pix not defined
Error in pixGetDimensions: pix not defined
Error in pixGetDimensions: pix not defined
Error in pixReadStream: Unknown format: no pix returned
Error in pixRead: pix not read
Error in pixGetDimensions: pix not defined
Error in pixClipRectangle: pixs not defined
Error in pixGetDimensions: pix not defined
Error in pixGetDimensions: pix not defined
Error in pixGetDimensions: pix not defined
Error in pixReadStream: Unknown format: no pix returned
Error in pixRead: pix not read
Error in pixGetDimensions: pix not defined
Error in pixClipRectangle: pixs not defined
Error in pixGetDimensions: pix not defined
Error in pixGetDimensions: pix not defined
Error in pixGetDimensions: pix not defined
Error in pixReadStream: Unknown format: no pix returned
Error in pixRead: pix not read
Error in pixGetDimensions: pix not defined
Error in pixClipRectangle: pixs not defined
Error in pixGetDimensions: pix not defined
Error in pixGetDimensions: pix not defined
Error in pixGetDimensions: pix not defined
Error in pixReadStream: Unknown format: no pix returned
Error in pixRead: pix not read
Error in pixGetDimensions: pix not defined
Error in pixClipRectangle: pixs not defined
Error in pixGetDimensions: pix not defined
Error in pixGetDimensions: pix not defined
Error in pixGetDimensions: pix not defined
Error in pixReadStream: Unknown format: no pix returned
Error in pixRead: pix not read
Error in pixGetDimensions: pix not defined
Error in pixClipRectangle: pixs not defined
Error in pixGetDimensions: pix not defined
Error in pixGetDimensions: pix not defined
Error in pixGetDimensions: pix not defined
Error in pixReadStream: Unknown format: no pix returned
Error in pixRead: pix not read
Error in pixGetDimensions: pix not defined
Error in pixClipRectangle: pixs not defined
Error in pixGetDimensions: pix not defined
Error in pixGetDimensions: pix not defined
Error in pixGetDimensions: pix not defined
Error in pixReadStream: Unknown format: no pix returned
Error in pixRead: pix not read
Error in pixGetDimensions: pix not defined
Error in pixClipRectangle: pixs not defined
Error in pixGetDimensions: pix not defined
Error in pixGetDimensions: pix not defined
Error in pixGetDimensions: pix not defined
-/fast/snoopy_b/santoni/IMAGES/200-160/ANWRESH1_4584477-00316.jpg
-/fast/snoopy_b/santoni/IMAGES/200-160/ANWRESH1_4584477-00955.txt
-/fast/snoopy_b/santoni/IMAGES/200-160/ANWRESH1_4584477-00232.jpg
-/fast/snoopy_b/santoni/IMAGES/200-160/ANWRESH1_4584477-00184.jpg
-/fast/snoopy_b/santoni/IMAGES/200-160/ANWRESH1_4584477-00226.jpg
-/fast/snoopy_b/santoni/IMAGES/200-160/ANWRESH1_4584477-00302.jpg
-/fast/snoopy_b/santoni/IMAGES/200-160/ANWRESH1_4584477-00260.jpg
-/fast/snoopy_b/santoni/IMAGES/200-160/ANWRESH1_4584477-00092.txt
-/fast/snoopy_b/santoni/IMAGES/200-160/ANWRESH1_4584477-00390.txt
-/fast/snoopy_b/santoni/IMAGES/200-160/ANWRESH1_4584477-00362.jpg
-/fast/snoopy_b/santoni/IMAGES/200-160/ANWRESH1_4584477-00290.jpg
-/fast/snoopy_b/santoni/IMAGES/200-160/ANWRESH1_4584477-00156.jpg
-/fast/snoopy_b/santoni/IMAGES/200-160/ANWRESH1_4584477-00251.jpg
-/fast/snoopy_b/santoni/IMAGES/200-160/ANWRESH1_4584477-00954.txt
-/fast/snoopy_b/santoni/IMAGES/200-160/ANWRESH1_4584477-00518.txt
-/fast/snoopy_b/santoni/IMAGES/200-160/ANWRESH1_4584477-00409.txt
-/fast/snoopy_b/santoni/IMAGES/200-160/ANWRESH1_4584477-00709.txt
-/fast/snoopy_b/santoni/IMAGES/200-160/ANWRESH1_4584477-00349.txt
-/fast/snoopy_b/santoni/IMAGES/200-160/ANWRESH1_4584477-00105.jpg
-/fast/snoopy_b/santoni/IMAGES/200-160/ANWRESH1_4584477-00309.jpg
-/fast/snoopy_b/santoni/IMAGES/200-160/ANWRESH1_4584477-01163.txt
-/fast/snoopy_b/santoni/IMAGES/200-160/ANWRESH1_4584477-00501.txt
-/fast/snoopy_b/santoni/IMAGES/200-160/ANWRESH1_4584477-00939.txt
-/fast/snoopy_b/santoni/IMAGES/200-160/ANWRESH1_4584477-00311.txt
-/fast/snoopy_b/santoni/IMAGES/200-160/ANWRESH1_4584477-00981.txt
-/fast/snoopy_b/santoni/IMAGES/200-160/ANWRESH1_4584477-00335.txt
-/fast/snoopy_b/santoni/IMAGES/200-160/ANWRESH1_4584477-00284.txt
-/fast/snoopy_b/santoni/IMAGES/200-160/ANWRESH1_4584477-00247.txt
-/fast/snoopy_b/santoni/IMAGES/200-160/ANWRESH1_4584477-01110.txt
-/fast/snoopy_b/santoni/IMAGES/200-160/ANWRESH1_4584477-00881.txt
-/fast/snoopy_b/santoni/IMAGES/200-160/ANWRESH1_4584477-00346.txt
-/fast/snoopy_b/santoni/IMAGES/200-160/ANWRESH1_4584477-00923.txt
-/fast/snoopy_b/santoni/IMAGES/200-160/ANWRESH1_4584477-01122.txt
-/fast/snoopy_b/santoni/IMAGES/200-160/ANWRESH1_4584477-00292.txt
-/fast/snoopy_b/santoni/IMAGES/200-160/ANWRESH1_4584477-00652.txt
-/fast/snoopy_b/santoni/IMAGES/200-160/ANWRESH1_4584477-01091.txt
-/fast/snoopy_b/santoni/IMAGES/200-160/ANWRESH1_4584477-00237.jpg
-/fast/snoopy_b/santoni/IMAGES/200-160/ANWRESH1_4584477-00311.jpg
-/fast/snoopy_b/santoni/IMAGES/200-160/ANWRESH1_4584477-00110.jpg
-/fast/snoopy_b/santoni/IMAGES/200-160/ANWRESH1_4584477-00360.jpg
-/fast/snoopy_b/santoni/IMAGES/200-160/ANWRESH1_4584477-00131.jpg
-/fast/snoopy_b/santoni/IMAGES/200-160/ANWRESH1_4584477-00273.jpg
-/fast/snoopy_b/santoni/IMAGES/200-160/ANWRESH1_4584477-00128.jpg
-/fast/snoopy_b/santoni/IMAGES/200-160/ANWRESH1_4584477-00366.jpg
-/fast/snoopy_b/santoni/IMAGES/200-160/ANWRESH1_4584477-00263.jpg
-/fast/snoopy_b/santoni/IMAGES/200-160/ANWRESH1_4584477-00329.jpg
-/fast/snoopy_b/santoni/IMAGES/200-160/ANWRESH1_4584477-00271.jpg
-/fast/snoopy_b/santoni/IMAGES/200-160/ANWRESH1_4584477-00349.jpg
-/fast/snoopy_b/santoni/IMAGES/200-160/ANWRESH1_4584477-00338.jpg
-/fast/snoopy_b/santoni/IMAGES/200-160/ANWRESH1_4584477-00339.jpg
-/fast/snoopy_b/santoni/IMAGES/200-160/ANWRESH1_4584477-00103.jpg
-/fast/snoopy_b/santoni/IMAGES/200-160/ANWRESH1_4584477-00323.jpg
-/fast/snoopy_b/santoni/IMAGES/200-160/ANWRESH1_4584477-00231.jpg
-/fast/snoopy_b/santoni/IMAGES/200-160/ANWRESH1_4584477-00318.jpg
-/fast/snoopy_b/santoni/IMAGES/200-160/ANWRESH1_4584477-00262.jpg
-/fast/snoopy_b/santoni/IMAGES/200-160/ANWRESH1_4584477-00350.jpg
-/fast/snoopy_b/santoni/IMAGES/200-160/ANWRESH1_4584477-00320.jpg
-/fast/snoopy_b/santoni/IMAGES/200-160/ANWRESH1_4584477-00267.jpg
-/fast/snoopy_b/santoni/IMAGES/200-160/ANWRESH1_4584477-00287.jpg
-/fast/snoopy_b/santoni/IMAGES/200-160/ANWRESH1_4584477-00116.jpg
-/fast/snoopy_b/santoni/IMAGES/200-160/ANWRESH1_4584477-00115.jpg
-/fast/snoopy_b/santoni/IMAGES/200-160/ANWRESH1_4584477-00348.jpg
-/fast/snoopy_b/santoni/IMAGES/200-160/ANWRESH1_4584477-00161.jpg
-/fast/snoopy_b/santoni/IMAGES/200-160/ANWRESH1_4584477-00359.jpg
-/fast/snoopy_b/santoni/IMAGES/200-160/ANWRESH1_4584477-00254.jpg
-/fast/snoopy_b/santoni/IMAGES/200-160/ANWRESH1_4584477-00233.jpg
-/fast/snoopy_b/santoni/IMAGES/200-160/ANWRESH1_4584477-00352.jpg
-/fast/snoopy_b/santoni/IMAGES/200-160/ANWRESH1_4584477-00175.jpg
-/fast/snoopy_b/santoni/IMAGES/200-160/ANWRESH1_4584477-00171.jpg
-/fast/snoopy_b/santoni/IMAGES/200-160/ANWRESH1_4584477-00196.jpg
-/fast/snoopy_b/santoni/IMAGES/200-160/ANWRESH1_4584477-00307.jpg
-/fast/snoopy_b/santoni/IMAGES/200-160/ANWRESH1_4584477-00113.jpg
-/fast/snoopy_b/santoni/IMAGES/200-160/ANWRESH1_4584477-00126.jpg
-/fast/snoopy_b/santoni/IMAGES/200-160/ANWRESH1_4584477-00275.jpg
-/fast/snoopy_b/santoni/IMAGES/200-160/ANWRESH1_4584477-00108.jpg
-/fast/snoopy_b/santoni/IMAGES/200-160/ANWRESH1_4584477-00107.jpg
-/fast/snoopy_b/santoni/IMAGES/200-160/ANWRESH1_4584477-00150.jpg
-/fast/snoopy_b/santoni/IMAGES/200-160/ANWRESH1_4584477-00117.jpg
-/fast/snoopy_b/santoni/IMAGES/200-160/ANWRESH1_4584477-00335.jpg
-/fast/snoopy_b/santoni/IMAGES/200-160/ANWRESH1_4584477-00114.jpg
-/fast/snoopy_b/santoni/IMAGES/200-160/ANWRESH1_4584477-00292.jpg
-/fast/snoopy_b/santoni/IMAGES/200-160/ANWRESH1_4584477-00129.jpg
-/fast/snoopy_b/santoni/IMAGES/200-160/ANWRESH1_4584477-00357.jpg
-/fast/snoopy_b/santoni/IMAGES/200-160/ANWRESH1_4584477-00162.jpg
-/fast/snoopy_b/santoni/IMAGES/200-160/ANWRESH1_4584477-00109.jpg
-/fast/snoopy_b/santoni/IMAGES/200-160/ANWRESH1_4584477-00230.jpg
-/fast/snoopy_b/santoni/IMAGES/200-160/ANWRESH1_4584477-00101.jpg
-/fast/snoopy_b/santoni/IMAGES/200-160/ANWRESH1_4584477-00255.jpg
-/fast/snoopy_b/santoni/IMAGES/200-160/ANWRESH1_4584477-00178.jpg
-/fast/snoopy_b/santoni/IMAGES/200-160/ANWRESH1_4584477-00300.jpg
-/fast/snoopy_b/santoni/IMAGES/200-160/ANWRESH1_4584477-00324.jpg
-/fast/snoopy_b/santoni/IMAGES/200-160/ANWRESH1_4584477-00286.jpg
-/fast/snoopy_b/santoni/IMAGES/200-160/ANWRESH1_4584477-00295.jpg
-/fast/snoopy_b/santoni/IMAGES/200-160/ANWRESH1_4584477-00369.jpg
-/fast/snoopy_b/santoni/IMAGES/200-160/ANWRESH1_4584477-00356.jpg
-/fast/snoopy_b/santoni/IMAGES/200-160/ANWRESH1_4584477-00334.jpg
-/fast/snoopy_b/santoni/IMAGES/200-160/ANWRESH1_4584477-00241.jpg
-/fast/snoopy_b/santoni/IMAGES/200-160/ANWRESH1_4584477-00297.jpg
-/fast/snoopy_b/santoni/IMAGES/200-160/ANWRESH1_4584477-00347.jpg
-/fast/snoopy_b/santoni/IMAGES/200-160/ANWRESH1_4584477-00170.jpg
-/fast/snoopy_b/santoni/IMAGES/200-160/ANWRESH1_4584477-00269.jpg
-/fast/snoopy_b/santoni/IMAGES/200-160/ANWRESH1_4584477-00102.jpg
-/fast/snoopy_b/santoni/IMAGES/200-160/ANWRESH1_4584477-00272.jpg
-/fast/snoopy_b/santoni/IMAGES/200-160/ANWRESH1_4584477-00145.jpg
-/fast/snoopy_b/santoni/IMAGES/200-160/ANWRESH1_4584477-00157.jpg
-/fast/snoopy_b/santoni/IMAGES/200-160/ANWRESH1_4584477-00238.jpg
-/fast/snoopy_b/santoni/IMAGES/200-160/ANWRESH1_4584477-00264.jpg
-/fast/snoopy_b/santoni/IMAGES/200-160/ANWRESH1_4584477-00310.jpg
-/fast/snoopy_b/santoni/IMAGES/200-160/ANWRESH1_4584477-00127.jpg
-/fast/snoopy_b/santoni/IMAGES/200-160/ANWRESH1_4584477-00182.jpg
-/fast/snoopy_b/santoni/IMAGES/200-160/ANWRESH1_4584477-00226.jpg
-/fast/snoopy_b/santoni/IMAGES/200-160/ANWRESH1_4584477-00227.jpg
-/fast/snoopy_b/santoni/IMAGES/200-160/ANWRESH1_4584477-00257.jpg
-/fast/snoopy_b/santoni/IMAGES/200-160/ANWRESH1_4584477-00242.jpg
-/fast/snoopy_b/santoni/IMAGES/200-160/ANWRESH1_4584477-00312.jpg
-/fast/snoopy_b/santoni/IMAGES/200-160/ANWRESH1_4584477-00169.jpg
-/fast/snoopy_b/santoni/IMAGES/200-160/ANWRESH1_4584477-00245.jpg
-/fast/snoopy_b/santoni/IMAGES/200-160/ANWRESH1_4584477-00164.jpg
-/fast/snoopy_b/santoni/IMAGES/200-160/ANWRESH1_4584477-00247.jpg
-/fast/snoopy_b/santoni/IMAGES/200-160/ANWRESH1_4584477-00345.jpg
-/fast/snoopy_b/santoni/IMAGES/200-160/ANWRESH1_4584477-00143.jpg
-/fast/snoopy_b/santoni/IMAGES/200-160/ANWRESH1_4584477-00362.jpg
-/fast/snoopy_b/santoni/IMAGES/200-160/ANWRESH1_4584477-00163.jpg
-/fast/snoopy_b/santoni/IMAGES/200-160/ANWRESH1_4584477-00333.jpg
-/fast/snoopy_b/santoni/IMAGES/200-160/ANWRESH1_4584477-00303.jpg
-/fast/snoopy_b/santoni/IMAGES/200-160/ANWRESH1_4584477-00229.jpg
-/fast/snoopy_b/santoni/IMAGES/200-160/ANWRESH1_4584477-00354.jpg
-/fast/snoopy_b/santoni/IMAGES/200-160/ANWRESH1_4584477-00253.jpg
-/fast/snoopy_b/santoni/IMAGES/200-160/ANWRESH1_4584477-00104.jpg
-/fast/snoopy_b/santoni/IMAGES/200-160/ANWRESH1_4584477-00244.jpg
-/fast/snoopy_b/santoni/IMAGES/200-160/ANWRESH1_4584477-00261.jpg
-/fast/snoopy_b/santoni/IMAGES/200-160/ANWRESH1_4584477-00105.jpg
-/fast/snoopy_b/santoni/IMAGES/200-160/ANWRESH1_4584477-00270.jpg
-/fast/snoopy_b/santoni/IMAGES/200-160/ANWRESH1_4584477-00239.jpg
-/fast/snoopy_b/santoni/IMAGES/200-160/ANWRESH1_4584477-00355.jpg
-/fast/snoopy_b/santoni/IMAGES/200-160/ANWRESH1_4584477-00154.jpg
-/fast/snoopy_b/santoni/IMAGES/200-160/ANWRESH1_4584477-00274.jpg
-/fast/snoopy_b/santoni/IMAGES/200-160/ANWRESH1_4584477-00368.jpg
-/fast/snoopy_b/santoni/IMAGES/200-160/ANWRESH1_4584477-00149.jpg
-/fast/snoopy_b/santoni/IMAGES/200-160/ANWRESH1_4584477-00285.jpg
-/fast/snoopy_b/santoni/IMAGES/200-160/ANWRESH1_4584477-00289.jpg
-/fast/snoopy_b/santoni/IMAGES/200-160/ANWRESH1_4584477-00174.jpg
-/fast/snoopy_b/santoni/IMAGES/200-160/ANWRESH1_4584477-00305.jpg
-/fast/snoopy_b/santoni/IMAGES/200-160/ANWRESH1_4584477-00336.jpg
-/fast/snoopy_b/santoni/IMAGES/200-160/ANWRESH1_4584477-00346.jpg
-/fast/snoopy_b/santoni/IMAGES/200-160/ANWRESH1_4584477-00284.jpg
-/fast/snoopy_b/santoni/IMAGES/200-160/ANWRESH1_4584477-00111.jpg
-/fast/snoopy_b/santoni/IMAGES/200-160/ANWRESH1_4584477-00141.jpg
-/fast/snoopy_b/santoni/IMAGES/200-160/ANWRESH1_4584477-00313.jpg
-/fast/snoopy_b/santoni/IMAGES/200-160/ANWRESH1_4584477-00293.jpg
-/fast/snoopy_b/santoni/IMAGES/200-160/ANWRESH1_4584477-00277.jpg
-/fast/snoopy_b/santoni/IMAGES/200-160/ANWRESH1_4584477-00207.jpg
-/fast/snoopy_b/santoni/IMAGES/200-160/ANWRESH1_4584477-00122.jpg
-/fast/snoopy_b/santoni/IMAGES/200-160/ANWRESH1_4584477-00133.jpg
-/fast/snoopy_b/santoni/IMAGES/200-160/ANWRESH1_4584477-00281.jpg
-/fast/snoopy_b/santoni/IMAGES/200-160/ANWRESH1_4584477-00243.jpg
-/fast/snoopy_b/santoni/IMAGES/200-160/ANWRESH1_4584477-00180.jpg
-/fast/snoopy_b/santoni/IMAGES/200-160/ANWRESH1_4584477-00301.jpg
-/fast/snoopy_b/santoni/IMAGES/200-160/ANWRESH1_4584477-00351.jpg
-/fast/snoopy_b/santoni/IMAGES/200-160/ANWRESH1_4584477-00296.jpg

Features estratte in 68.171 s
Distanze calcolate in 4353.852 s

----- Risultati -----

Numero di ritagli: 5050
Numero clusters: 441
Media elementi per cluster: 11.4512

-- Clusters--

- Cluster numero 30 (1 elementi):
 Oklahoma: 1
- Cluster numero 428 (1 elementi):
 Illinois: 1
- Cluster numero 429 (1 elementi):
 Illinois: 1
- Cluster numero 430 (1 elementi):
 Illinois: 1
- Cluster numero 449 (1 elementi):
 Kansas: 1
- Cluster numero 519 (1 elementi):
 Oklahoma: 1
- Cluster numero 552 (1 elementi):
 Kansas: 1
- Cluster numero 576 (1 elementi):
 Texas: 1
- Cluster numero 579 (1 elementi):
 United States: 1
- Cluster numero 648 (1 elementi):
 United States: 1
- Cluster numero 672 (1 elementi):
 Oklahoma: 1
- Cluster numero 701 (1 elementi):
 Oklahoma: 1
- Cluster numero 704 (1 elementi):
 Missouri: 1
- Cluster numero 711 (1 elementi):
 Oklahoma: 1
- Cluster numero 745 (1 elementi):
 Missouri: 1
- Cluster numero 761 (12 elementi):
 Nebraska: 1
 Kansas: 7
 Oklahoma: 2
 Missouri: 2
- Cluster numero 801 (4 elementi):
 Kansas: 3
 Oklahoma: 1
- Cluster numero 841 (1 elementi):
 Kansas: 1
- Cluster numero 843 (1 elementi):
 United States: 1
- Cluster numero 877 (1 elementi):
 Mexico: 1
- Cluster numero 895 (2 elementi):
 South Dakota: 2
- Cluster numero 917 (3 elementi):
 Scotland: 3
- Cluster numero 956 (1 elementi):
 Kansas: 1
- Cluster numero 967 (2 elementi):
 Kansas: 2
- Cluster numero 1039 (1 elementi):
 Kansas: 1
- Cluster numero 1385 (1 elementi):
 Kansas: 1
- Cluster numero 1604 (7 elementi):
 Kansas: 7
- Cluster numero 1611 (2 elementi):
 Nebraska: 2
- Cluster numero 1676 (1 elementi):
 Florida: 1
- Cluster numero 1696 (8 elementi):
 Illinois: 1
 California: 1
 Minnesota: 1
 Canada English: 1
 Louisiana: 2
 Missouri: 2
- Cluster numero 1701 (1 elementi):
 Oklahoma: 1
- Cluster numero 1705 (19 elementi):
 New York: 1
 Sweden: 1
 Maryland: 1
 Missouri: 1
 Kentucky: 1
 Kansas: 1
 California: 2
 Oklahoma: 1
 Georgia: 1
 Indiana: 4
 Arkansas: 1
 Michigan: 2
 Ohio: 1
 Louisiana: 1
- Cluster numero 1714 (1 elementi):
 Canada English: 1
- Cluster numero 1719 (1 elementi):
 Scotland: 1
- Cluster numero 1720 (1 elementi):
 Michigan: 1
- Cluster numero 1754 (8 elementi):
 Michigan: 1
 Kansas: 1
 Missouri: 6
- Cluster numero 1783 (1 elementi):
 Kansas: 1
- Cluster numero 1833 (1 elementi):
 Pennsylvania: 1
- Cluster numero 1843 (1 elementi):
 Illinois: 1
- Cluster numero 1848 (1 elementi):
 Nebraska: 1
- Cluster numero 1853 (3 elementi):
 United States: 1
 Ohio: 1
 Kansas: 1
- Cluster numero 1906 (1 elementi):
 United States: 1
- Cluster numero 1922 (5 elementi):
 Iowa: 1
 Kansas: 4
- Cluster numero 2032 (2 elementi):
 New Mexico: 1
 Indiana: 1
- Cluster numero 2035 (1 elementi):
 Georgia: 1
- Cluster numero 2038 (1 elementi):
 Illinois: 1
- Cluster numero 2041 (1 elementi):
 New York: 1
- Cluster numero 2096 (1 elementi):
 Ohio: 1
- Cluster numero 2098 (1 elementi):
 Illinois: 1
- Cluster numero 2130 (1 elementi):
 Kansas: 1
- Cluster numero 2139 (1 elementi):
 Kansas: 1
- Cluster numero 2187 (1 elementi):
 Pennsylvania: 1
- Cluster numero 2197 (1 elementi):
 Illinois: 1
- Cluster numero 2206 (1 elementi):
 Illinois: 1
- Cluster numero 2208 (1 elementi):
 Kansas: 1
- Cluster numero 2277 (2 elementi):
 United States: 2
- Cluster numero 2289 (7 elementi):
 Virginia: 2
 Russia: 1
 Kansas: 1
 Arkansas: 1
 Oklahoma: 1
 Indiana: 1
- Cluster numero 2326 (2 elementi):
 Texas: 1
 Kansas: 1
- Cluster numero 2332 (7 elementi):
 Texas: 1
 Kansas: 6
- Cluster numero 2365 (40 elementi):
 Kansas: 40
- Cluster numero 2370 (13 elementi):
 Pennsylvania: 9
 Kansas: 1
 Maryland: 2
 Germany: 1
- Cluster numero 2419 (17 elementi):
 Illinois: 1
 Kansas: 1
 Missouri: 15
- Cluster numero 2466 (13 elementi):
 Illinois: 1
 Maine: 1
 Russia: 1
 Kansas: 1
 Indiana: 6
 Louisiana: 1
 Missouri: 2
- Cluster numero 2634 (31 elementi):
 Texas: 1
 Russia: 1
 Kansas: 29
- Cluster numero 2694 (1 elementi):
 Nebraska: 1
- Cluster numero 2741 (1 elementi):
 Kansas: 1
- Cluster numero 2747 (1 elementi):
 Indiana: 1
- Cluster numero 2752 (33 elementi):
 Kansas: 32
 Louisiana: 1
- Cluster numero 2765 (1 elementi):
 Illinois: 1
- Cluster numero 2840 (20 elementi):
 Illinois: 1
 Iowa: 2
 Kansas: 15
 Indiana: 1
 Germany: 1
- Cluster numero 2881 (1 elementi):
 Germany: 1
- Cluster numero 2883 (8 elementi):
 Oklahoma: 8
- Cluster numero 2933 (8 elementi):
 Idaho: 7
 Arkansas: 1
- Cluster numero 2938 (16 elementi):
 Kentucky: 1
 Texas: 6
 Scotland: 1
 Iowa: 1
 Kansas: 3
 Oklahoma: 1
 Germany: 1
 Missouri: 2
- Cluster numero 2978 (21 elementi):
 United States: 1
 Texas: 16
 Wales: 1
 Ohio: 1
 Georgia: 1
 Iowa: 1
- Cluster numero 2988 (23 elementi):
 North Carolina: 1
 Texas: 1
 Oklahoma: 21
- Cluster numero 3051 (2 elementi):
 Kansas: 2
- Cluster numero 3052 (2 elementi):
 Washington: 2
- Cluster numero 3053 (9 elementi):
 Illinois: 3
 Missouri: 6
- Cluster numero 3054 (7 elementi):
 California: 2
 Georgia: 1
 Missouri: 4
- Cluster numero 3055 (6 elementi):
 Wisconsin: 1
 England: 1
 Missouri: 4
- Cluster numero 3061 (4 elementi):
 Virginia: 1
 Wisconsin: 1
 Louisiana: 2
- Cluster numero 3063 (2 elementi):
 Kentucky: 2
- Cluster numero 3065 (8 elementi):
 Texas: 1
 Illinois: 7
- Cluster numero 3068 (8 elementi):
 United States: 2
 Kentucky: 5
 Canada: 1
- Cluster numero 3070 (3 elementi):
 Missouri: 3
- Cluster numero 3075 (11 elementi):
 Illinois: 1
 California: 1
 Kansas: 1
 Arkansas: 4
 Missouri: 4
- Cluster numero 3081 (23 elementi):
 United States: 1
 Virginia: 1
 Illinois: 1
 Colorado: 1
 Kansas: 18
 Missouri: 1
- Cluster numero 3086 (15 elementi):
 Texas: 10
 Ohio: 1
 Iowa: 3
 Italy: 1
- Cluster numero 3087 (3 elementi):
 Minnesota: 2
 Missouri: 1
- Cluster numero 3099 (5 elementi):
 Oklahoma: 5
- Cluster numero 3103 (2 elementi):
 United States: 2
- Cluster numero 3107 (6 elementi):
 United States: 4
 Maryland: 2
- Cluster numero 3117 (8 elementi):
 Texas: 1
 Ohio: 7
- Cluster numero 3119 (4 elementi):
 Brazil: 1
 Kansas: 3
- Cluster numero 3122 (2 elementi):
 Kansas: 2
- Cluster numero 3127 (1 elementi):
 Michigan: 1
- Cluster numero 3128 (2 elementi):
 Missouri: 2
- Cluster numero 3130 (3 elementi):
 Missouri: 3
- Cluster numero 3133 (3 elementi):
 Missouri: 3
- Cluster numero 3138 (2 elementi):
 Missouri: 2
- Cluster numero 3140 (1 elementi):
 Colorado: 1
- Cluster numero 3141 (2 elementi):
 Illinois: 2
- Cluster numero 3143 (4 elementi):
 Colorado: 4
- Cluster numero 3147 (1 elementi):
 Alabama: 1
- Cluster numero 3152 (2 elementi):
 United States: 2
- Cluster numero 3155 (9 elementi):
 Indiana: 9
- Cluster numero 3156 (3 elementi):
 Texas: 3
- Cluster numero 3180 (2 elementi):
 Mississippi: 2
- Cluster numero 3182 (2 elementi):
 Mississippi: 2
- Cluster numero 3189 (1 elementi):
 Mississippi: 1
- Cluster numero 3195 (1 elementi):
 Texas: 1
- Cluster numero 3197 (2 elementi):
 Oklahoma: 2
- Cluster numero 3198 (1 elementi):
 Texas: 1
- Cluster numero 3202 (9 elementi):
 Wisconsin: 1
 Missouri: 8
- Cluster numero 3227 (15 elementi):
 Illinois: 14
 Missouri: 1
- Cluster numero 3236 (20 elementi):
 New York: 1
 Florida: 1
 Kansas: 16
 Missouri: 1
 Louisiana: 1
- Cluster numero 3252 (20 elementi):
 South Dakota: 3
 New Jersey: 1
 Scotland: 2
 Michigan: 2
 Colorado: 1
 Oklahoma: 5
 Indiana: 3
 Washington: 2
 Missouri: 1
- Cluster numero 3256 (9 elementi):
 Michigan: 3
 Indiana: 5
 Louisiana: 1
- Cluster numero 3313 (1 elementi):
 Nebraska: 1
- Cluster numero 3350 (28 elementi):
 Wisconsin: 2
 Illinois: 5
 Arkansas: 3
 Kansas: 7
 Indiana: 1
 West Virginia: 1
 Washington: 1
 Louisiana: 1
 Missouri: 7
- Cluster numero 3383 (30 elementi):
 Texas: 1
 Kansas: 19
 Iowa: 10
- Cluster numero 3393 (4 elementi):
 Kansas: 4
- Cluster numero 3407 (1 elementi):
 Rhode Island: 1
- Cluster numero 3500 (23 elementi):
 Alabama: 1
 Texas: 1
 Tennessee: 1
 California: 1
 Wales: 1
 Czechoslovakia: 1
 Kansas: 2
 Arkansas: 1
 Indiana: 1
 Oklahoma: 12
 Missouri: 1
- Cluster numero 3501 (3 elementi):
 Scotland: 1
 Kansas: 2
- Cluster numero 3502 (2 elementi):
 Missouri: 2
- Cluster numero 3505 (2 elementi):
 Kansas: 2
- Cluster numero 3506 (9 elementi):
 Wisconsin: 1
 New York: 2
 Indiana: 3
 Missouri: 3
- Cluster numero 3507 (2 elementi):
 Wisconsin: 2
- Cluster numero 3508 (4 elementi):
 Kansas: 4
- Cluster numero 3509 (4 elementi):
 Kentucky: 1
 Kansas: 3
- Cluster numero 3510 (8 elementi):
 Oklahoma: 1
 Missouri: 7
- Cluster numero 3511 (4 elementi):
 Kansas: 4
- Cluster numero 3512 (3 elementi):
 Kansas: 2
 Indiana: 1
- Cluster numero 3513 (7 elementi):
 Pennsylvania: 1
 Iowa: 1
 Kansas: 4
 Missouri: 1
- Cluster numero 3516 (6 elementi):
 Ohio: 6
- Cluster numero 3517 (4 elementi):
 Kansas: 4
- Cluster numero 3519 (5 elementi):
 Wisconsin: 1
 Kansas: 4
- Cluster numero 3521 (10 elementi):
 Kentucky: 2
 Nebraska: 1
 Kansas: 6
 Indiana: 1
- Cluster numero 3522 (6 elementi):
 Kansas: 5
 Missouri: 1
- Cluster numero 3524 (7 elementi):
 Kansas: 7
- Cluster numero 3525 (2 elementi):
 Missouri: 2
- Cluster numero 3528 (2 elementi):
 Kansas: 2
- Cluster numero 3532 (5 elementi):
 Illinois: 5
- Cluster numero 3533 (2 elementi):
 Kansas: 2
- Cluster numero 3534 (8 elementi):
 Kansas: 8
- Cluster numero 3535 (12 elementi):
 Missouri: 12
- Cluster numero 3537 (1 elementi):
 Kansas: 1
- Cluster numero 3540 (6 elementi):
 Michigan: 1
 Kansas: 5
- Cluster numero 3542 (3 elementi):
 Kansas: 3
- Cluster numero 3545 (17 elementi):
 Kansas: 17
- Cluster numero 3549 (12 elementi):
 Illinois: 2
 Ohio: 1
 Kansas: 1
 Missouri: 8
- Cluster numero 3555 (22 elementi):
 Iowa: 1
 Arkansas: 1
 Kansas: 19
 Mississippi: 1
- Cluster numero 3557 (27 elementi):
 Alabama: 1
 Pennsylvania: 2
 Illinois: 3
 California: 3
 New York: 1
 England: 1
 Minnesota: 1
 Kansas: 1
 Indiana: 14
- Cluster numero 3562 (5 elementi):
 Kansas: 5
- Cluster numero 3565 (3 elementi):
 Ohio: 3
- Cluster numero 3568 (2 elementi):
 Illinois: 2
- Cluster numero 3570 (32 elementi):
 Irish Free State: 1
 Pennsylvania: 1
 Illinois: 1
 California: 1
 England: 1
 Kansas: 1
 Arkansas: 19
 Indiana: 6
 Missouri: 1
- Cluster numero 3571 (6 elementi):
 Illinois: 5
 Missouri: 1
- Cluster numero 3574 (38 elementi):
 Pennsylvania: 1
 Texas: 1
 New York: 1
 Kansas: 34
 Indiana: 1
- Cluster numero 3575 (6 elementi):
 Pennsylvania: 1
 Illinois: 4
 Oklahoma: 1
- Cluster numero 3578 (2 elementi):
 Indiana: 2
- Cluster numero 3581 (5 elementi):
 Kansas: 5
- Cluster numero 3584 (2 elementi):
 Indiana: 2
- Cluster numero 3587 (2 elementi):
 Kansas: 2
- Cluster numero 3592 (3 elementi):
 Kansas: 3
- Cluster numero 3594 (2 elementi):
 Kansas: 2
- Cluster numero 3596 (2 elementi):
 Kansas: 2
- Cluster numero 3597 (2 elementi):
 Kansas: 2
- Cluster numero 3601 (8 elementi):
 Pennsylvania: 1
 Illinois: 1
 Colorado: 1
 Kansas: 3
 Iowa: 1
 Missouri: 1
- Cluster numero 3602 (2 elementi):
 Kansas: 2
- Cluster numero 3622 (40 elementi):
 Kansas: 40
- Cluster numero 3629 (18 elementi):
 Illinois: 17
 Kansas: 1
- Cluster numero 3656 (1 elementi):
 Illinois: 1
- Cluster numero 3659 (1 elementi):
 Mississippi: 1
- Cluster numero 3663 (10 elementi):
 Texas: 7
 Kansas: 2
 Oklahoma: 1
- Cluster numero 3692 (12 elementi):
 Wisconsin: 1
 Pennsylvania: 1
 Missouri: 10
- Cluster numero 3715 (2 elementi):
 Oklahoma: 2
- Cluster numero 3803 (1 elementi):
 Indiana: 1
- Cluster numero 3835 (16 elementi):
 United States: 1
 South Dakota: 4
 Nebraska: 1
 Illinois: 1
 Kansas: 2
 Oklahoma: 7
- Cluster numero 3859 (33 elementi):
 United States: 1
 Texas: 2
 Illinois: 1
 Iowa: 8
 Kansas: 18
 Missouri: 3
- Cluster numero 3869 (49 elementi):
 Nebraska: 1
 Texas: 1
 Pennsylvania: 1
 Georgia: 1
 Minnesota: 2
 Iowa: 8
 Kansas: 22
 Indiana: 2
 Mississippi: 3
 Germany: 3
 Missouri: 5
- Cluster numero 3899 (19 elementi):
 Oklahoma: 19
- Cluster numero 3913 (7 elementi):
 Pennsylvania: 1
 Arkansas: 2
 Kansas: 2
 Missouri: 2
- Cluster numero 3916 (1 elementi):
 Kansas: 1
- Cluster numero 3951 (8 elementi):
 Wisconsin: 1
 Missouri: 7
- Cluster numero 3956 (40 elementi):
 Tennessee: 1
 Kansas: 39
- Cluster numero 3957 (21 elementi):
 Nebraska: 1
 Iowa: 1
 Kansas: 7
 Indiana: 1
 Missouri: 11
- Cluster numero 3958 (9 elementi):
 United States: 1
 California: 1
 England: 1
 Minnesota: 1
 Oklahoma: 2
 Missouri: 3
- Cluster numero 3960 (4 elementi):
 Oklahoma: 4
- Cluster numero 3963 (2 elementi):
 Nebraska: 2
- Cluster numero 3967 (9 elementi):
 Illinois: 9
- Cluster numero 3971 (62 elementi):
 Iowa: 3
 Virginia: 2
 United States: 2
 Sweden: 1
 Missouri: 14
 Colorado: 1
 Kentucky: 1
 Kansas: 22
 California: 1
 Texas: 5
 Indiana: 4
 Arkansas: 2
 Wisconsin: 1
 Illinois: 3
- Cluster numero 3974 (4 elementi):
 Illinois: 1
 Missouri: 3
- Cluster numero 3975 (16 elementi):
 Illinois: 1
 Russia: 1
 Georgia: 2
 Kansas: 1
 Louisiana: 1
 Missouri: 10
- Cluster numero 3978 (9 elementi):
 Illinois: 2
 Michigan: 5
 Indiana: 1
 West Virginia: 1
- Cluster numero 3981 (14 elementi):
 Illinois: 1
 Kansas: 1
 Oklahoma: 12
- Cluster numero 3985 (12 elementi):
 Illinois: 1
 Scotland: 1
 Ohio: 1
 Michigan: 1
 Kansas: 2
 Oklahoma: 3
 Montana: 1
 Missouri: 2
- Cluster numero 3989 (12 elementi):
 Iowa: 1
 Kansas: 11
- Cluster numero 3993 (2 elementi):
 South Dakota: 2
- Cluster numero 3997 (10 elementi):
 California: 1
 Kansas: 2
 Oklahoma: 7
- Cluster numero 4001 (2 elementi):
 South Dakota: 2
- Cluster numero 4004 (4 elementi):
 Colorado: 1
 Oklahoma: 3
- Cluster numero 4012 (8 elementi):
 Kansas: 1
 Arkansas: 5
 Oklahoma: 1
 Missouri: 1
- Cluster numero 4015 (69 elementi):
 Kentucky: 1
 Texas: 2
 Ohio: 1
 Georgia: 1
 Iowa: 1
 Kansas: 63
- Cluster numero 4020 (6 elementi):
 Illinois: 3
 Kansas: 1
 Indiana: 1
 Missouri: 1
- Cluster numero 4022 (8 elementi):
 New Mexico: 1
 California: 2
 West Virginia: 5
- Cluster numero 4023 (6 elementi):
 Illinois: 1
 Kansas: 1
 Indiana: 3
 Canada: 1
- Cluster numero 4027 (10 elementi):
 Wisconsin: 1
 Illinois: 3
 Missouri: 6
- Cluster numero 4035 (13 elementi):
 Pennsylvania: 1
 Nebraska: 9
 Illinois: 2
 Kansas: 1
- Cluster numero 4039 (9 elementi):
 North Carolina: 1
 North Dakota: 1
 Nebraska: 7
- Cluster numero 4040 (3 elementi):
 United States: 2
 Oklahoma: 1
- Cluster numero 4043 (34 elementi):
 Nebraska: 1
 Illinois: 1
 Colorado: 1
 Iowa: 1
 Arkansas: 1
 Kansas: 26
 Indiana: 1
 Oklahoma: 2
- Cluster numero 4046 (17 elementi):
 United States: 1
 North Carolina: 1
 Scotland: 1
 Michigan: 3
 Minnesota: 1
 Iowa: 1
 Kansas: 2
 West Virginia: 1
 Oklahoma: 6
- Cluster numero 4050 (35 elementi):
 Tennessee: 1
 Texas: 1
 Iowa: 1
 Kansas: 32
- Cluster numero 4054 (6 elementi):
 Texas: 1
 Illinois: 2
 Colorado: 1
 Iowa: 2
- Cluster numero 4057 (25 elementi):
 Virginia: 1
 Texas: 1
 Illinois: 6
 Russia: 1
 Ohio: 3
 Iowa: 2
 Kansas: 5
 Indiana: 1
 Oklahoma: 4
 Missouri: 1
- Cluster numero 4060 (43 elementi):
 Wyoming: 1
 Kansas: 42
- Cluster numero 4080 (6 elementi):
 Kansas: 4
 Missouri: 1
 Germany: 1
- Cluster numero 4083 (22 elementi):
 North Carolina: 1
 Wisconsin: 1
 Pennsylvania: 1
 Kentucky: 1
 Minnesota: 2
 Kansas: 3
 Indiana: 1
 Missouri: 12
- Cluster numero 4085 (31 elementi):
 Alabama: 1
 Pennsylvania: 1
 Tennessee: 1
 Iowa: 1
 Kansas: 10
 Indiana: 1
 Mississippi: 1
 Maryland: 1
 Germany: 1
 Missouri: 13
- Cluster numero 4090 (22 elementi):
 Wisconsin: 1
 Illinois: 1
 Kansas: 4
 Oklahoma: 1
 Missouri: 15
- Cluster numero 4092 (5 elementi):
 Iowa: 5
- Cluster numero 4093 (2 elementi):
 Kentucky: 2
- Cluster numero 4094 (5 elementi):
 Kansas: 1
 Iowa: 4
- Cluster numero 4096 (7 elementi):
 Texas: 1
 Kansas: 1
 Iowa: 4
 Missouri: 1
- Cluster numero 4097 (35 elementi):
 Pennsylvania: 2
 Nebraska: 1
 Texas: 1
 Tennessee: 1
 Mexico: 1
 Iowa: 1
 Kansas: 11
 Indiana: 1
 Missouri: 16
- Cluster numero 4098 (4 elementi):
 Kansas: 2
 Iowa: 2
- Cluster numero 4099 (4 elementi):
 Arkansas: 1
 Missouri: 3
- Cluster numero 4121 (1 elementi):
 South Dakota: 1
- Cluster numero 4125 (5 elementi):
 Wisconsin: 1
 Missouri: 4
- Cluster numero 4138 (6 elementi):
 Kansas: 1
 Iowa: 5
- Cluster numero 4158 (18 elementi):
 Wisconsin: 1
 Minnesota: 1
 Kansas: 1
 Oklahoma: 1
 Indiana: 5
 Missouri: 9
- Cluster numero 4167 (20 elementi):
 Kentucky: 1
 Illinois: 1
 Ohio: 13
 Georgia: 2
 Florida: 1
 Iowa: 1
 Indiana: 1
- Cluster numero 4171 (11 elementi):
 Colorado: 11
- Cluster numero 4211 (74 elementi):
 Pennsylvania: 1
 Texas: 1
 Nebraska: 1
 Illinois: 2
 Kansas: 67
 Oklahoma: 1
 Indiana: 1
- Cluster numero 4224 (5 elementi):
 Kentucky: 5
- Cluster numero 4231 (28 elementi):
 Illinois: 1
 Kansas: 27
- Cluster numero 4238 (46 elementi):
 Denmark: 1
 Missouri: 16
 Colorado: 1
 Kentucky: 1
 California: 1
 Kansas: 2
 Oklahoma: 1
 Indiana: 1
 Nebraska: 2
 Pennsylvania: 1
 Arkansas: 2
 Minnesota: 2
 Wisconsin: 2
 Switzerland: 1
 Michigan: 1
 Illinois: 11
- Cluster numero 4250 (1 elementi):
 Kansas: 1
- Cluster numero 4254 (18 elementi):
 United States: 2
 Oregon: 1
 Minnesota: 2
 Arkansas: 1
 Oklahoma: 1
 Indiana: 2
 Montana: 1
 Arizona: 1
 Germany: 1
 Missouri: 6
- Cluster numero 4270 (21 elementi):
 Illinois: 17
 Michigan: 1
 Indiana: 1
 West Virginia: 2
- Cluster numero 4271 (19 elementi):
 California: 1
 Illinois: 18
- Cluster numero 4273 (50 elementi):
 Kansas: 50
- Cluster numero 4274 (36 elementi):
 Iowa: 3
 Arkansas: 1
 Kansas: 32
- Cluster numero 4275 (31 elementi):
 Pennsylvania: 2
 Colorado: 1
 Iowa: 3
 Kansas: 24
 Montana: 1
- Cluster numero 4277 (28 elementi):
 Alabama: 1
 Wisconsin: 1
 Nebraska: 1
 Texas: 2
 Kentucky: 1
 Kansas: 3
 Missouri: 19
- Cluster numero 4293 (1 elementi):
 New York: 1
- Cluster numero 4294 (1 elementi):
 Indiana: 1
- Cluster numero 4303 (1 elementi):
 Florida: 1
- Cluster numero 4306 (2 elementi):
 Illinois: 2
- Cluster numero 4314 (1 elementi):
 Michigan: 1
- Cluster numero 4317 (3 elementi):
 Missouri: 3
- Cluster numero 4319 (1 elementi):
 Germany: 1
- Cluster numero 4325 (1 elementi):
 Missouri: 1
- Cluster numero 4328 (5 elementi):
 Kansas: 5
- Cluster numero 4331 (1 elementi):
 Illinois: 1
- Cluster numero 4338 (1 elementi):
 Missouri: 1
- Cluster numero 4340 (14 elementi):
 Kansas: 14
- Cluster numero 4355 (2 elementi):
 Kansas: 2
- Cluster numero 4378 (1 elementi):
 Indiana: 1
- Cluster numero 4379 (24 elementi):
 South Dakota: 1
 Nebraska: 2
 Illinois: 6
 New York: 1
 Minnesota: 1
 Kansas: 2
 Iowa: 2
 Oklahoma: 1
 Missouri: 8
- Cluster numero 4380 (1 elementi):
 Arkansas: 1
- Cluster numero 4392 (15 elementi):
 Illinois: 2
 New York: 1
 Kansas: 3
 Arkansas: 1
 Iowa: 1
 Oklahoma: 1
 Indiana: 5
 Montana: 1
- Cluster numero 4411 (52 elementi):
 Illinois: 1
 Colorado: 1
 Arkansas: 1
 Iowa: 1
 Kansas: 46
 Oklahoma: 1
 Norway: 1
- Cluster numero 4427 (26 elementi):
 Kentucky: 2
 Ohio: 1
 Iowa: 2
 Kansas: 21
- Cluster numero 4428 (33 elementi):
 Tennessee: 2
 Minnesota: 1
 Kansas: 26
 Arkansas: 1
 Oklahoma: 2
 Missouri: 1
- Cluster numero 4429 (27 elementi):
 Pennsylvania: 1
 Kansas: 25
 Missouri: 1
- Cluster numero 4444 (32 elementi):
 Arkansas: 1
 Kansas: 30
 Missouri: 1
- Cluster numero 4459 (80 elementi):
 Texas: 4
 Illinois: 1
 France: 1
 England: 1
 Mexico: 1
 Colorado: 1
 Iowa: 2
 Kansas: 63
 Indiana: 4
 Missouri: 2
- Cluster numero 4461 (35 elementi):
 Texas: 16
 Ohio: 1
 Mexico: 1
 Kansas: 5
 Iowa: 11
 Massachusetts: 1
- Cluster numero 4470 (11 elementi):
 Virginia: 1
 Illinois: 1
 Mexico: 1
 Kansas: 6
 Indiana: 1
 Missouri: 1
- Cluster numero 4473 (9 elementi):
 Nebraska: 1
 Kentucky: 1
 Arkansas: 1
 Kansas: 3
 Oklahoma: 1
 Missouri: 2
- Cluster numero 4474 (1 elementi):
 Oklahoma: 1
- Cluster numero 4485 (4 elementi):
 Kansas: 3
 Oklahoma: 1
- Cluster numero 4490 (1 elementi):
 Missouri: 1
- Cluster numero 4491 (1 elementi):
 Oklahoma: 1
- Cluster numero 4493 (2 elementi):
 Missouri: 2
- Cluster numero 4512 (69 elementi):
 New York: 2
 Sweden: 1
 Missouri: 5
 Colorado: 2
 Kentucky: 1
 Kansas: 4
 California: 1
 Oklahoma: 33
 Texas: 1
 Indiana: 3
 Alabama: 2
 Montana: 1
 Wisconsin: 1
 Wales: 1
 Illinois: 11
- Cluster numero 4514 (21 elementi):
 Wisconsin: 3
 Wyoming: 1
 Indiana: 1
 Missouri: 16
- Cluster numero 4515 (9 elementi):
 Illinois: 1
 Mississippi: 1
 Missouri: 7
- Cluster numero 4516 (28 elementi):
 Kansas: 26
 Louisiana: 2
- Cluster numero 4518 (21 elementi):
 Nebraska: 16
 Colorado: 3
 Maryland: 1
 Missouri: 1
- Cluster numero 4523 (13 elementi):
 United States: 1
 Illinois: 3
 Colorado: 1
 Florida: 1
 Iowa: 5
 Oklahoma: 2
- Cluster numero 4524 (26 elementi):
 Kentucky: 1
 Nebraska: 2
 France: 1
 Illinois: 2
 Kansas: 1
 Arkansas: 2
 Iowa: 2
 West Virginia: 1
 Missouri: 14
- Cluster numero 4531 (14 elementi):
 Japan: 1
 Kansas: 1
 Iowa: 12
- Cluster numero 4534 (10 elementi):
 Wisconsin: 1
 Michigan: 2
 Georgia: 1
 Kansas: 1
 Mississippi: 2
 West Virginia: 1
 Missouri: 2
- Cluster numero 4535 (19 elementi):
 Ohio: 17
 Kansas: 2
- Cluster numero 4539 (12 elementi):
 Texas: 1
 Kentucky: 1
 Illinois: 2
 Iowa: 2
 Kansas: 4
 Indiana: 1
 Missouri: 1
- Cluster numero 4556 (16 elementi):
 Wisconsin: 1
 Illinois: 1
 Iowa: 1
 Indiana: 1
 Missouri: 12
- Cluster numero 4572 (28 elementi):
 Alabama: 1
 California: 1
 Michigan: 1
 Oklahoma: 25
- Cluster numero 4574 (7 elementi):
 Kansas: 1
 Arkansas: 5
 Indiana: 1
- Cluster numero 4575 (11 elementi):
 Oklahoma: 1
 Indiana: 8
 Washington: 2
- Cluster numero 4581 (64 elementi):
 Texas: 1
 Iowa: 1
 Kansas: 59
 Missouri: 3
- Cluster numero 4584 (17 elementi):
 Nebraska: 1
 Denmark: 1
 Kentucky: 2
 Colorado: 1
 New York: 10
 Massachusetts: 1
 Washington: 1
- Cluster numero 4586 (1 elementi):
 Illinois: 1
- Cluster numero 4617 (11 elementi):
 Wisconsin: 1
 Missouri: 10
- Cluster numero 4632 (16 elementi):
 Kansas: 15
 Oklahoma: 1
- Cluster numero 4633 (54 elementi):
 Kansas: 52
 Missouri: 2
- Cluster numero 4647 (20 elementi):
 North Carolina: 1
 Texas: 2
 Pennsylvania: 1
 Kentucky: 1
 Illinois: 1
 Kansas: 4
 Iowa: 8
 Oklahoma: 2
- Cluster numero 4649 (5 elementi):
 Illinois: 1
 Ohio: 4
- Cluster numero 4654 (18 elementi):
 Kansas: 18
- Cluster numero 4657 (1 elementi):
 Texas: 1
- Cluster numero 4658 (3 elementi):
 Kansas: 3
- Cluster numero 4664 (1 elementi):
 Michigan: 1
- Cluster numero 4666 (1 elementi):
 Russia: 1
- Cluster numero 4671 (16 elementi):
 Nebraska: 1
 Kentucky: 2
 Illinois: 1
 Kansas: 12
- Cluster numero 4674 (1 elementi):
 Michigan: 1
- Cluster numero 4675 (1 elementi):
 India: 1
- Cluster numero 4678 (1 elementi):
 Missouri: 1
- Cluster numero 4680 (3 elementi):
 Minnesota: 1
 Missouri: 2
- Cluster numero 4682 (1 elementi):
 Connecticut: 1
- Cluster numero 4684 (10 elementi):
 Kansas: 10
- Cluster numero 4686 (1 elementi):
 Switzerland: 1
- Cluster numero 4688 (2 elementi):
 Pennsylvania: 1
 Massachusetts: 1
- Cluster numero 4689 (2 elementi):
 Ohio: 2
- Cluster numero 4691 (1 elementi):
 Kansas: 1
- Cluster numero 4692 (1 elementi):
 Indiana: 1
- Cluster numero 4697 (1 elementi):
 United States: 1
- Cluster numero 4700 (1 elementi):
 Ohio: 1
- Cluster numero 4701 (6 elementi):
 Kansas: 6
- Cluster numero 4703 (2 elementi):
 Illinois: 2
- Cluster numero 4704 (5 elementi):
 Switzerland: 1
 Texas: 1
 Wisconsin: 1
 Kansas: 2
- Cluster numero 4705 (1 elementi):
 Kansas: 1
- Cluster numero 4708 (1 elementi):
 Kansas: 1
- Cluster numero 4713 (27 elementi):
 Iowa: 3
 Kansas: 20
 Oklahoma: 3
 Missouri: 1
- Cluster numero 4720 (21 elementi):
 no_label: 1
 North Carolina: 1
 Colorado: 1
 Mexico: 1
 Iowa: 4
 Kansas: 12
 Missouri: 1
- Cluster numero 4722 (2 elementi):
 Illinois: 1
 Kansas: 1
- Cluster numero 4725 (6 elementi):
 Illinois: 1
 New York: 1
 Kansas: 4
- Cluster numero 4726 (1 elementi):
 Missouri: 1
- Cluster numero 4727 (1 elementi):
 Kansas: 1
- Cluster numero 4730 (55 elementi):
 Arizona: 1
 Iowa: 11
 Sweden: 1
 New Jersey: 1
 Missouri: 3
 Kansas: 13
 Oklahoma: 1
 Texas: 7
 Mexico: 1
 Nebraska: 1
 Indiana: 1
 Washington: 1
 Minnesota: 1
 Ohio: 7
 Illinois: 1
 Tennessee: 4
- Cluster numero 4731 (3 elementi):
 United States: 1
 Kansas: 2
- Cluster numero 4732 (10 elementi):
 United States: 1
 Wisconsin: 1
 Texas: 2
 Mexico: 1
 Kansas: 3
 Oklahoma: 1
 Missouri: 1
- Cluster numero 4734 (2 elementi):
 Utah: 1
 Kansas: 1
- Cluster numero 4735 (1 elementi):
 Kansas: 1
- Cluster numero 4741 (27 elementi):
 United States: 1
 Iowa: 1
 Missouri: 1
 Kentucky: 1
 Kansas: 4
 Oklahoma: 3
 Florida: 1
 Indiana: 3
 Scotland: 1
 Nebraska: 1
 Arkansas: 1
 Ohio: 4
 Illinois: 5
- Cluster numero 4745 (18 elementi):
 Illinois: 7
 Ohio: 1
 Michigan: 1
 Arkansas: 1
 Kansas: 5
 Indiana: 1
 Oklahoma: 2
- Cluster numero 4746 (2 elementi):
 Pennsylvania: 1
 Australia: 1
- Cluster numero 4754 (6 elementi):
 United States: 1
 Wisconsin: 1
 Illinois: 1
 Minnesota: 1
 Missouri: 2
- Cluster numero 4757 (20 elementi):
 Connecticut: 1
 New Mexico: 1
 Pennsylvania: 13
 Massachusetts: 1
 Indiana: 1
 Canada: 2
 Missouri: 1
- Cluster numero 4764 (17 elementi):
 Kansas: 15
 Germany: 2
- Cluster numero 4768 (42 elementi):
 Illinois: 1
 Kansas: 41
- Cluster numero 4771 (13 elementi):
 Michigan: 2
 Missouri: 11
- Cluster numero 4777 (68 elementi):
 United States: 1
 Nebraska: 1
 Pennsylvania: 1
 Michigan: 1
 Vermont: 1
 Arkansas: 3
 Kansas: 47
 Oklahoma: 1
 Indiana: 1
 Missouri: 11
- Cluster numero 4780 (26 elementi):
 Alabama: 2
 Pennsylvania: 1
 Nebraska: 2
 Wales: 1
 Illinois: 1
 Ohio: 1
 Michigan: 2
 Colorado: 1
 Arkansas: 10
 Oklahoma: 5
- Cluster numero 4791 (13 elementi):
 Illinois: 2
 Kansas: 1
 Indiana: 1
 Mississippi: 1
 Missouri: 8
- Cluster numero 4794 (25 elementi):
 Kentucky: 2
 Illinois: 2
 Kansas: 19
 Oklahoma: 1
 Missouri: 1
- Cluster numero 4798 (89 elementi):
 Colorado: 1
 Kansas: 87
 Missouri: 1
- Cluster numero 4804 (2 elementi):
 West Virginia: 2
- Cluster numero 4806 (1 elementi):
 Indiana: 1
- Cluster numero 4809 (9 elementi):
 Virginia: 1
 Illinois: 7
 Mississippi: 1
- Cluster numero 4811 (32 elementi):
 Nebraska: 1
 Tennessee: 1
 Illinois: 1
 Georgia: 1
 Iowa: 1
 Kansas: 24
 Oklahoma: 1
 Canada: 1
 Louisiana: 1
- Cluster numero 4821 (16 elementi):
 Illinois: 1
 Oklahoma: 1
 Washington: 1
 Missouri: 13
- Cluster numero 4826 (25 elementi):
 Kentucky: 1
 Tennessee: 1
 Kansas: 23
- Cluster numero 4828 (65 elementi):
 Pennsylvania: 2
 Illinois: 1
 Russia: 1
 Minnesota: 1
 Georgia: 1
 Kansas: 54
 Oklahoma: 3
 Canada English: 1
 Germany: 1
- Cluster numero 4834 (25 elementi):
 Alabama: 1
 Idaho: 1
 Kentucky: 1
 Sweden: 1
 Pennsylvania: 1
 Michigan: 1
 Arkansas: 2
 Kansas: 2
 Indiana: 12
 Washington: 1
 Missouri: 2
- Cluster numero 4843 (1 elementi):
 Illinois: 1
- Cluster numero 4853 (5 elementi):
 New York: 1
 Kansas: 4
- Cluster numero 4855 (1 elementi):
 Vermont: 1
- Cluster numero 4858 (1 elementi):
 Illinois: 1
- Cluster numero 4867 (3 elementi):
 Pennsylvania: 1
 Massachusetts: 2
- Cluster numero 4868 (25 elementi):
 Kentucky: 1
 Nebraska: 2
 Czechoslovakia: 1
 Oklahoma: 21
- Cluster numero 4870 (31 elementi):
 Alabama: 2
 New York: 1
 India: 1
 Kansas: 1
 Alaska: 1
 Oklahoma: 25
- Cluster numero 4871 (20 elementi):
 Illinois: 1
 Kansas: 19
- Cluster numero 4878 (3 elementi):
 New York: 1
 Missouri: 2
- Cluster numero 4881 (5 elementi):
 Oklahoma: 5
- Cluster numero 4882 (3 elementi):
 Illinois: 1
 Russia: 1
 Louisiana: 1
- Cluster numero 4885 (11 elementi):
 Kansas: 11
- Cluster numero 4886 (5 elementi):
 Missouri: 5
- Cluster numero 4891 (5 elementi):
 Switzerland: 1
 California: 1
 Missouri: 1
 Louisiana: 2
- Cluster numero 4893 (16 elementi):
 Nebraska: 3
 Illinois: 1
 Colorado: 1
 Arkansas: 11
- Cluster numero 4895 (18 elementi):
 Kansas: 18
- Cluster numero 4896 (3 elementi):
 California: 1
 Kansas: 1
 Missouri: 1
- Cluster numero 4897 (19 elementi):
 Texas: 18
 Arkansas: 1
- Cluster numero 4900 (29 elementi):
 Kansas: 27
 Germany: 2
- Cluster numero 4901 (21 elementi):
 New York: 1
 Oklahoma: 20
- Cluster numero 4904 (52 elementi):
 Nebraska: 2
 Pennsylvania: 2
 Colorado: 2
 Kansas: 46
- Cluster numero 4905 (4 elementi):
 Kansas: 4
- Cluster numero 4913 (33 elementi):
 Texas: 1
 Tennessee: 6
 Illinois: 1
 Kansas: 11
 Arkansas: 3
 Arizona: 1
 Missouri: 6
 Germany: 4
- Cluster numero 4916 (3 elementi):
 New York: 2
 Missouri: 1
- Cluster numero 4917 (1 elementi):
 District of Columbia: 1
- Cluster numero 4918 (1 elementi):
 Kentucky: 1
- Cluster numero 4920 (3 elementi):
 Oklahoma: 3
- Cluster numero 4922 (2 elementi):
 Oklahoma: 2
- Cluster numero 4924 (4 elementi):
 Kansas: 4
- Cluster numero 4928 (12 elementi):
 Illinois: 3
 Kansas: 9
- Cluster numero 4930 (10 elementi):
 Kansas: 10
- Cluster numero 4934 (6 elementi):
 Kansas: 6
- Cluster numero 4936 (2 elementi):
 Nebraska: 2
- Cluster numero 4939 (9 elementi):
 Kansas: 9
- Cluster numero 4940 (3 elementi):
 Arkansas: 1
 Oklahoma: 1
 Missouri: 1
- Cluster numero 4942 (1 elementi):
 Iowa: 1
- Cluster numero 4944 (2 elementi):
 Kansas: 1
 Missouri: 1
- Cluster numero 4947 (1 elementi):
 Philippine Islands: 1
- Cluster numero 4948 (1 elementi):
 Kansas: 1
- Cluster numero 4949 (7 elementi):
 Arkansas: 6
 Oklahoma: 1
- Cluster numero 4955 (17 elementi):
 Wisconsin: 2
 Kansas: 15
- Cluster numero 4956 (15 elementi):
 Kansas: 14
 Oklahoma: 1
- Cluster numero 4957 (34 elementi):
 Texas: 2
 Europe: 1
 Iowa: 11
 Kansas: 20
- Cluster numero 4958 (20 elementi):
 Denmark: 1
 Kentucky: 1
 Kansas: 13
 Oklahoma: 2
 Germany: 1
 Missouri: 2
- Cluster numero 4963 (10 elementi):
 Illinois: 8
 Florida: 1
 Washington: 1
- Cluster numero 4965 (11 elementi):
 New Jersey: 1
 South Dakota: 1
 Wisconsin: 1
 New York: 2
 England: 1
 Florida: 1
 West Virginia: 2
 Missouri: 1
 New Hampshire: 1
- Cluster numero 4974 (1 elementi):
 Nebraska: 1
- Cluster numero 4984 (6 elementi):
 Illinois: 6
- Cluster numero 4986 (17 elementi):
 Switzerland: 1
 Pennsylvania: 1
 Texas: 6
 Nebraska: 1
 Illinois: 1
 Ohio: 2
 Georgia: 1
 Kansas: 2
 Oklahoma: 1
 Montana: 1
- Cluster numero 4987 (18 elementi):
 South Dakota: 1
 Virginia: 1
 Illinois: 9
 New York: 1
 Minnesota: 1
 Iowa: 1
 Kansas: 2
 Missouri: 2
- Cluster numero 4988 (35 elementi):
 Ohio: 1
 Kansas: 1
 Oklahoma: 33
- Cluster numero 4991 (24 elementi):
 Kansas: 23
 Indiana: 1
- Cluster numero 4992 (1 elementi):
 Canada: 1
- Cluster numero 4994 (2 elementi):
 South Dakota: 2
- Cluster numero 4996 (12 elementi):
 Texas: 1
 Ohio: 7
 Iowa: 3
 Kansas: 1
- Cluster numero 4998 (5 elementi):
 South Dakota: 4
 Kentucky: 1
- Cluster numero 4999 (20 elementi):
 Illinois: 1
 Colorado: 1
 Minnesota: 4
 Vermont: 1
 Kansas: 4
 Massachusetts: 1
 Oklahoma: 1
 Missouri: 7
- Cluster numero 5001 (36 elementi):
 Illinois: 1
 Kansas: 34
 Indiana: 1
- Cluster numero 5002 (1 elementi):
 California: 1
- Cluster numero 5003 (83 elementi):
 Texas: 1
 Wisconsin: 1
 Kentucky: 1
 Tennessee: 3
 New York: 1
 Iowa: 2
 Kansas: 67
 Indiana: 1
 Oklahoma: 2
 Missouri: 1
 Germany: 3
- Cluster numero 5005 (9 elementi):
 Illinois: 8
 Kansas: 1
- Cluster numero 5006 (17 elementi):
 Illinois: 1
 New York: 1
 Kansas: 12
 Louisiana: 1
 Missouri: 2
- Cluster numero 5008 (2 elementi):
 United States: 2
- Cluster numero 5012 (41 elementi):
 Kansas: 41
- Cluster numero 5013 (7 elementi):
 Oklahoma: 7
- Cluster numero 5014 (51 elementi):
 Texas: 1
 Tennessee: 1
 Pennsylvania: 2
 Iowa: 1
 Kansas: 45
 Germany: 1
- Cluster numero 5017 (10 elementi):
 Kansas: 9
 Indiana: 1
- Cluster numero 5022 (1 elementi):
 Oklahoma: 1
- Cluster numero 5025 (17 elementi):
 Russia: 1
 Ohio: 16
- Cluster numero 5026 (3 elementi):
 Kansas: 1
 Iowa: 2
- Cluster numero 5027 (37 elementi):
 Pennsylvania: 1
 Texas: 1
 Nebraska: 1
 Colorado: 1
 Arkansas: 1
 Kansas: 28
 Oklahoma: 1
 Germany: 1
 Missouri: 2
- Cluster numero 5033 (26 elementi):
 Ohio: 1
 Kansas: 23
 Arkansas: 1
 Missouri: 1
- Cluster numero 5035 (4 elementi):
 Ohio: 4
- Cluster numero 5037 (4 elementi):
 Tennessee: 1
 Kansas: 1
 Indiana: 1
 Missouri: 1
- Cluster numero 5038 (11 elementi):
 California: 1
 Illinois: 1
 Kansas: 1
 Missouri: 8
- Cluster numero 5039 (16 elementi):
 Pennsylvania: 1
 Illinois: 9
 Michigan: 1
 Minnesota: 1
 Kansas: 1
 Indiana: 2
 Missouri: 1
- Cluster numero 5040 (14 elementi):
 Wisconsin: 1
 Illinois: 1
 Canada English: 1
 Missouri: 11
- Cluster numero 5041 (19 elementi):
 Kansas: 18
 Missouri: 1
- Cluster numero 5042 (20 elementi):
 Russia: 1
 Iowa: 2
 New York: 1
 Sweden: 1
 New Jersey: 1
 Massachusetts: 1
 California: 1
 Kansas: 8
 Oklahoma: 1
 Texas: 1
 Scotland: 1
 Louisiana: 1
- Cluster numero 5046 (1 elementi):
 Iowa: 1
- Cluster numero 5047 (6 elementi):
 Nebraska: 3
 Iowa: 1
 Delaware: 2
- Cluster numero 5048 (2 elementi):
 New York: 1
 Canada: 1
- Cluster numero 5049 (3 elementi):
 Kansas: 3

Numero cluster corretti: 208
Elementi in cluster corretti: 713
La precisione del clustering : 74.4158
La precisione media del clustering  82.1166
Tempo totale di esecuzione: 5629.716 s