UStateClustering 1.5.0
----------------------

Using only L1 distance

Trovate 160 immagini:
Error in pixReadStream: Unknown format: no pix returned
Error in pixRead: pix not read
Error in pixGetDimensions: pix not defined
Error in pixClipRectangle: pixs not defined
Error in pixGetDimensions: pix not defined
Error in pixGetDimensions: pix not defined
Error in pixGetDimensions: pix not defined
Error in pixReadStream: Unknown format: no pix returned
Error in pixRead: pix not read
Error in pixGetDimensions: pix not defined
Error in pixClipRectangle: pixs not defined
Error in pixGetDimensions: pix not defined
Error in pixGetDimensions: pix not defined
Error in pixGetDimensions: pix not defined
Error in pixReadStream: Unknown format: no pix returned
Error in pixRead: pix not read
Error in pixGetDimensions: pix not defined
Error in pixClipRectangle: pixs not defined
Error in pixGetDimensions: pix not defined
Error in pixGetDimensions: pix not defined
Error in pixGetDimensions: pix not defined
Error in pixReadStream: Unknown format: no pix returned
Error in pixRead: pix not read
Error in pixGetDimensions: pix not defined
Error in pixClipRectangle: pixs not defined
Error in pixGetDimensions: pix not defined
Error in pixGetDimensions: pix not defined
Error in pixGetDimensions: pix not defined
Error in pixReadStream: Unknown format: no pix returned
Error in pixRead: pix not read
Error in pixGetDimensions: pix not defined
Error in pixClipRectangle: pixs not defined
Error in pixGetDimensions: pix not defined
Error in pixGetDimensions: pix not defined
Error in pixGetDimensions: pix not defined
Error in pixReadStream: Unknown format: no pix returned
Error in pixRead: pix not read
Error in pixGetDimensions: pix not defined
Error in pixClipRectangle: pixs not defined
Error in pixGetDimensions: pix not defined
Error in pixGetDimensions: pix not defined
Error in pixGetDimensions: pix not defined
Error in pixReadStream: Unknown format: no pix returned
Error in pixRead: pix not read
Error in pixGetDimensions: pix not defined
Error in pixClipRectangle: pixs not defined
Error in pixGetDimensions: pix not defined
Error in pixGetDimensions: pix not defined
Error in pixGetDimensions: pix not defined
Error in pixReadStream: Unknown format: no pix returned
Error in pixRead: pix not read
Error in pixGetDimensions: pix not defined
Error in pixClipRectangle: pixs not defined
Error in pixGetDimensions: pix not defined
Error in pixGetDimensions: pix not defined
Error in pixGetDimensions: pix not defined
Error in pixReadStream: Unknown format: no pix returned
Error in pixRead: pix not read
Error in pixGetDimensions: pix not defined
Error in pixClipRectangle: pixs not defined
Error in pixGetDimensions: pix not defined
Error in pixGetDimensions: pix not defined
Error in pixGetDimensions: pix not defined
Error in pixReadStream: Unknown format: no pix returned
Error in pixRead: pix not read
Error in pixGetDimensions: pix not defined
Error in pixClipRectangle: pixs not defined
Error in pixGetDimensions: pix not defined
Error in pixGetDimensions: pix not defined
Error in pixGetDimensions: pix not defined
Error in pixReadStream: Unknown format: no pix returned
Error in pixRead: pix not read
Error in pixGetDimensions: pix not defined
Error in pixClipRectangle: pixs not defined
Error in pixGetDimensions: pix not defined
Error in pixGetDimensions: pix not defined
Error in pixGetDimensions: pix not defined
Error in pixReadStream: Unknown format: no pix returned
Error in pixRead: pix not read
Error in pixGetDimensions: pix not defined
Error in pixClipRectangle: pixs not defined
Error in pixGetDimensions: pix not defined
Error in pixGetDimensions: pix not defined
Error in pixGetDimensions: pix not defined
Error in pixReadStream: Unknown format: no pix returned
Error in pixRead: pix not read
Error in pixGetDimensions: pix not defined
Error in pixClipRectangle: pixs not defined
Error in pixGetDimensions: pix not defined
Error in pixGetDimensions: pix not defined
Error in pixGetDimensions: pix not defined
Error in pixReadStream: Unknown format: no pix returned
Error in pixRead: pix not read
Error in pixGetDimensions: pix not defined
Error in pixClipRectangle: pixs not defined
Error in pixGetDimensions: pix not defined
Error in pixGetDimensions: pix not defined
Error in pixGetDimensions: pix not defined
Error in pixReadStream: Unknown format: no pix returned
Error in pixRead: pix not read
Error in pixGetDimensions: pix not defined
Error in pixClipRectangle: pixs not defined
Error in pixGetDimensions: pix not defined
Error in pixGetDimensions: pix not defined
Error in pixGetDimensions: pix not defined
Error in pixReadStream: Unknown format: no pix returned
Error in pixRead: pix not read
Error in pixGetDimensions: pix not defined
Error in pixClipRectangle: pixs not defined
Error in pixGetDimensions: pix not defined
Error in pixGetDimensions: pix not defined
Error in pixGetDimensions: pix not defined
Error in pixReadStream: Unknown format: no pix returned
Error in pixRead: pix not read
Error in pixGetDimensions: pix not defined
Error in pixClipRectangle: pixs not defined
Error in pixGetDimensions: pix not defined
Error in pixGetDimensions: pix not defined
Error in pixGetDimensions: pix not defined
Error in pixReadStream: Unknown format: no pix returned
Error in pixRead: pix not read
Error in pixGetDimensions: pix not defined
Error in pixClipRectangle: pixs not defined
Error in pixGetDimensions: pix not defined
Error in pixGetDimensions: pix not defined
Error in pixGetDimensions: pix not defined
Error in pixReadStream: Unknown format: no pix returned
Error in pixRead: pix not read
Error in pixGetDimensions: pix not defined
Error in pixClipRectangle: pixs not defined
Error in pixGetDimensions: pix not defined
Error in pixGetDimensions: pix not defined
Error in pixGetDimensions: pix not defined
Error in pixReadStream: Unknown format: no pix returned
Error in pixRead: pix not read
Error in pixGetDimensions: pix not defined
Error in pixClipRectangle: pixs not defined
Error in pixGetDimensions: pix not defined
Error in pixGetDimensions: pix not defined
Error in pixGetDimensions: pix not defined
Error in pixReadStream: Unknown format: no pix returned
Error in pixRead: pix not read
Error in pixGetDimensions: pix not defined
Error in pixClipRectangle: pixs not defined
Error in pixGetDimensions: pix not defined
Error in pixGetDimensions: pix not defined
Error in pixGetDimensions: pix not defined
Error in pixReadStream: Unknown format: no pix returned
Error in pixRead: pix not read
Error in pixGetDimensions: pix not defined
Error in pixClipRectangle: pixs not defined
Error in pixGetDimensions: pix not defined
Error in pixGetDimensions: pix not defined
Error in pixGetDimensions: pix not defined
Error in pixReadStream: Unknown format: no pix returned
Error in pixRead: pix not read
Error in pixGetDimensions: pix not defined
Error in pixClipRectangle: pixs not defined
Error in pixGetDimensions: pix not defined
Error in pixGetDimensions: pix not defined
Error in pixGetDimensions: pix not defined
Error in pixReadStream: Unknown format: no pix returned
Error in pixRead: pix not read
Error in pixGetDimensions: pix not defined
Error in pixClipRectangle: pixs not defined
Error in pixGetDimensions: pix not defined
Error in pixGetDimensions: pix not defined
Error in pixGetDimensions: pix not defined
-/fast/snoopy_b/santoni/IMAGES/200-160/ANWRESH1_4584477-00955.txt
-/fast/snoopy_b/santoni/IMAGES/200-160/ANWRESH1_4584477-00316.jpg
-/fast/snoopy_b/santoni/IMAGES/200-160/ANWRESH1_4584477-00232.jpg
-/fast/snoopy_b/santoni/IMAGES/200-160/ANWRESH1_4584477-00184.jpg
-/fast/snoopy_b/santoni/IMAGES/200-160/ANWRESH1_4584477-00226.jpg
-/fast/snoopy_b/santoni/IMAGES/200-160/ANWRESH1_4584477-00302.jpg
-/fast/snoopy_b/santoni/IMAGES/200-160/ANWRESH1_4584477-00260.jpg
-/fast/snoopy_b/santoni/IMAGES/200-160/ANWRESH1_4584477-00092.txt
-/fast/snoopy_b/santoni/IMAGES/200-160/ANWRESH1_4584477-00290.jpg
-/fast/snoopy_b/santoni/IMAGES/200-160/ANWRESH1_4584477-00390.txt
-/fast/snoopy_b/santoni/IMAGES/200-160/ANWRESH1_4584477-00362.jpg
-/fast/snoopy_b/santoni/IMAGES/200-160/ANWRESH1_4584477-00156.jpg
-/fast/snoopy_b/santoni/IMAGES/200-160/ANWRESH1_4584477-00309.jpg
-/fast/snoopy_b/santoni/IMAGES/200-160/ANWRESH1_4584477-00251.jpg
-/fast/snoopy_b/santoni/IMAGES/200-160/ANWRESH1_4584477-00954.txt
-/fast/snoopy_b/santoni/IMAGES/200-160/ANWRESH1_4584477-00518.txt
-/fast/snoopy_b/santoni/IMAGES/200-160/ANWRESH1_4584477-00409.txt
-/fast/snoopy_b/santoni/IMAGES/200-160/ANWRESH1_4584477-00709.txt
-/fast/snoopy_b/santoni/IMAGES/200-160/ANWRESH1_4584477-00349.txt
-/fast/snoopy_b/santoni/IMAGES/200-160/ANWRESH1_4584477-00105.jpg
-/fast/snoopy_b/santoni/IMAGES/200-160/ANWRESH1_4584477-00311.jpg
-/fast/snoopy_b/santoni/IMAGES/200-160/ANWRESH1_4584477-00360.jpg
-/fast/snoopy_b/santoni/IMAGES/200-160/ANWRESH1_4584477-00110.jpg
-/fast/snoopy_b/santoni/IMAGES/200-160/ANWRESH1_4584477-00273.jpg
-/fast/snoopy_b/santoni/IMAGES/200-160/ANWRESH1_4584477-00131.jpg
-/fast/snoopy_b/santoni/IMAGES/200-160/ANWRESH1_4584477-01163.txt
-/fast/snoopy_b/santoni/IMAGES/200-160/ANWRESH1_4584477-00501.txt
-/fast/snoopy_b/santoni/IMAGES/200-160/ANWRESH1_4584477-00939.txt
-/fast/snoopy_b/santoni/IMAGES/200-160/ANWRESH1_4584477-00311.txt
-/fast/snoopy_b/santoni/IMAGES/200-160/ANWRESH1_4584477-00981.txt
-/fast/snoopy_b/santoni/IMAGES/200-160/ANWRESH1_4584477-00335.txt
-/fast/snoopy_b/santoni/IMAGES/200-160/ANWRESH1_4584477-00284.txt
-/fast/snoopy_b/santoni/IMAGES/200-160/ANWRESH1_4584477-00366.jpg
-/fast/snoopy_b/santoni/IMAGES/200-160/ANWRESH1_4584477-00247.txt
-/fast/snoopy_b/santoni/IMAGES/200-160/ANWRESH1_4584477-01110.txt
-/fast/snoopy_b/santoni/IMAGES/200-160/ANWRESH1_4584477-00881.txt
-/fast/snoopy_b/santoni/IMAGES/200-160/ANWRESH1_4584477-00346.txt
-/fast/snoopy_b/santoni/IMAGES/200-160/ANWRESH1_4584477-00923.txt
-/fast/snoopy_b/santoni/IMAGES/200-160/ANWRESH1_4584477-01122.txt
-/fast/snoopy_b/santoni/IMAGES/200-160/ANWRESH1_4584477-00292.txt
-/fast/snoopy_b/santoni/IMAGES/200-160/ANWRESH1_4584477-00652.txt
-/fast/snoopy_b/santoni/IMAGES/200-160/ANWRESH1_4584477-01091.txt
-/fast/snoopy_b/santoni/IMAGES/200-160/ANWRESH1_4584477-00237.jpg
-/fast/snoopy_b/santoni/IMAGES/200-160/ANWRESH1_4584477-00263.jpg
-/fast/snoopy_b/santoni/IMAGES/200-160/ANWRESH1_4584477-00271.jpg
-/fast/snoopy_b/santoni/IMAGES/200-160/ANWRESH1_4584477-00128.jpg
-/fast/snoopy_b/santoni/IMAGES/200-160/ANWRESH1_4584477-00339.jpg
-/fast/snoopy_b/santoni/IMAGES/200-160/ANWRESH1_4584477-00329.jpg
-/fast/snoopy_b/santoni/IMAGES/200-160/ANWRESH1_4584477-00349.jpg
-/fast/snoopy_b/santoni/IMAGES/200-160/ANWRESH1_4584477-00323.jpg
-/fast/snoopy_b/santoni/IMAGES/200-160/ANWRESH1_4584477-00103.jpg
-/fast/snoopy_b/santoni/IMAGES/200-160/ANWRESH1_4584477-00338.jpg
-/fast/snoopy_b/santoni/IMAGES/200-160/ANWRESH1_4584477-00231.jpg
-/fast/snoopy_b/santoni/IMAGES/200-160/ANWRESH1_4584477-00320.jpg
-/fast/snoopy_b/santoni/IMAGES/200-160/ANWRESH1_4584477-00318.jpg
-/fast/snoopy_b/santoni/IMAGES/200-160/ANWRESH1_4584477-00350.jpg
-/fast/snoopy_b/santoni/IMAGES/200-160/ANWRESH1_4584477-00267.jpg
-/fast/snoopy_b/santoni/IMAGES/200-160/ANWRESH1_4584477-00262.jpg
-/fast/snoopy_b/santoni/IMAGES/200-160/ANWRESH1_4584477-00348.jpg
-/fast/snoopy_b/santoni/IMAGES/200-160/ANWRESH1_4584477-00115.jpg
-/fast/snoopy_b/santoni/IMAGES/200-160/ANWRESH1_4584477-00116.jpg
-/fast/snoopy_b/santoni/IMAGES/200-160/ANWRESH1_4584477-00287.jpg
-/fast/snoopy_b/santoni/IMAGES/200-160/ANWRESH1_4584477-00359.jpg
-/fast/snoopy_b/santoni/IMAGES/200-160/ANWRESH1_4584477-00171.jpg
-/fast/snoopy_b/santoni/IMAGES/200-160/ANWRESH1_4584477-00196.jpg
-/fast/snoopy_b/santoni/IMAGES/200-160/ANWRESH1_4584477-00161.jpg
-/fast/snoopy_b/santoni/IMAGES/200-160/ANWRESH1_4584477-00175.jpg
-/fast/snoopy_b/santoni/IMAGES/200-160/ANWRESH1_4584477-00233.jpg
-/fast/snoopy_b/santoni/IMAGES/200-160/ANWRESH1_4584477-00254.jpg
-/fast/snoopy_b/santoni/IMAGES/200-160/ANWRESH1_4584477-00352.jpg
-/fast/snoopy_b/santoni/IMAGES/200-160/ANWRESH1_4584477-00126.jpg
-/fast/snoopy_b/santoni/IMAGES/200-160/ANWRESH1_4584477-00107.jpg
-/fast/snoopy_b/santoni/IMAGES/200-160/ANWRESH1_4584477-00113.jpg
-/fast/snoopy_b/santoni/IMAGES/200-160/ANWRESH1_4584477-00307.jpg
-/fast/snoopy_b/santoni/IMAGES/200-160/ANWRESH1_4584477-00150.jpg
-/fast/snoopy_b/santoni/IMAGES/200-160/ANWRESH1_4584477-00275.jpg
-/fast/snoopy_b/santoni/IMAGES/200-160/ANWRESH1_4584477-00335.jpg
-/fast/snoopy_b/santoni/IMAGES/200-160/ANWRESH1_4584477-00292.jpg
-/fast/snoopy_b/santoni/IMAGES/200-160/ANWRESH1_4584477-00108.jpg
-/fast/snoopy_b/santoni/IMAGES/200-160/ANWRESH1_4584477-00129.jpg
-/fast/snoopy_b/santoni/IMAGES/200-160/ANWRESH1_4584477-00114.jpg
-/fast/snoopy_b/santoni/IMAGES/200-160/ANWRESH1_4584477-00117.jpg
-/fast/snoopy_b/santoni/IMAGES/200-160/ANWRESH1_4584477-00162.jpg
-/fast/snoopy_b/santoni/IMAGES/200-160/ANWRESH1_4584477-00109.jpg
-/fast/snoopy_b/santoni/IMAGES/200-160/ANWRESH1_4584477-00230.jpg
-/fast/snoopy_b/santoni/IMAGES/200-160/ANWRESH1_4584477-00357.jpg
-/fast/snoopy_b/santoni/IMAGES/200-160/ANWRESH1_4584477-00255.jpg
-/fast/snoopy_b/santoni/IMAGES/200-160/ANWRESH1_4584477-00178.jpg
-/fast/snoopy_b/santoni/IMAGES/200-160/ANWRESH1_4584477-00324.jpg
-/fast/snoopy_b/santoni/IMAGES/200-160/ANWRESH1_4584477-00101.jpg
-/fast/snoopy_b/santoni/IMAGES/200-160/ANWRESH1_4584477-00286.jpg
-/fast/snoopy_b/santoni/IMAGES/200-160/ANWRESH1_4584477-00295.jpg
-/fast/snoopy_b/santoni/IMAGES/200-160/ANWRESH1_4584477-00300.jpg
-/fast/snoopy_b/santoni/IMAGES/200-160/ANWRESH1_4584477-00369.jpg
-/fast/snoopy_b/santoni/IMAGES/200-160/ANWRESH1_4584477-00334.jpg
-/fast/snoopy_b/santoni/IMAGES/200-160/ANWRESH1_4584477-00297.jpg
-/fast/snoopy_b/santoni/IMAGES/200-160/ANWRESH1_4584477-00356.jpg
-/fast/snoopy_b/santoni/IMAGES/200-160/ANWRESH1_4584477-00347.jpg
-/fast/snoopy_b/santoni/IMAGES/200-160/ANWRESH1_4584477-00170.jpg
-/fast/snoopy_b/santoni/IMAGES/200-160/ANWRESH1_4584477-00272.jpg
-/fast/snoopy_b/santoni/IMAGES/200-160/ANWRESH1_4584477-00241.jpg
-/fast/snoopy_b/santoni/IMAGES/200-160/ANWRESH1_4584477-00102.jpg
-/fast/snoopy_b/santoni/IMAGES/200-160/ANWRESH1_4584477-00238.jpg
-/fast/snoopy_b/santoni/IMAGES/200-160/ANWRESH1_4584477-00157.jpg
-/fast/snoopy_b/santoni/IMAGES/200-160/ANWRESH1_4584477-00269.jpg
-/fast/snoopy_b/santoni/IMAGES/200-160/ANWRESH1_4584477-00264.jpg
-/fast/snoopy_b/santoni/IMAGES/200-160/ANWRESH1_4584477-00182.jpg
-/fast/snoopy_b/santoni/IMAGES/200-160/ANWRESH1_4584477-00145.jpg
-/fast/snoopy_b/santoni/IMAGES/200-160/ANWRESH1_4584477-00227.jpg
-/fast/snoopy_b/santoni/IMAGES/200-160/ANWRESH1_4584477-00310.jpg
-/fast/snoopy_b/santoni/IMAGES/200-160/ANWRESH1_4584477-00242.jpg
-/fast/snoopy_b/santoni/IMAGES/200-160/ANWRESH1_4584477-00127.jpg
-/fast/snoopy_b/santoni/IMAGES/200-160/ANWRESH1_4584477-00226.jpg
-/fast/snoopy_b/santoni/IMAGES/200-160/ANWRESH1_4584477-00245.jpg
-/fast/snoopy_b/santoni/IMAGES/200-160/ANWRESH1_4584477-00312.jpg
-/fast/snoopy_b/santoni/IMAGES/200-160/ANWRESH1_4584477-00143.jpg
-/fast/snoopy_b/santoni/IMAGES/200-160/ANWRESH1_4584477-00257.jpg
-/fast/snoopy_b/santoni/IMAGES/200-160/ANWRESH1_4584477-00163.jpg
-/fast/snoopy_b/santoni/IMAGES/200-160/ANWRESH1_4584477-00164.jpg
-/fast/snoopy_b/santoni/IMAGES/200-160/ANWRESH1_4584477-00333.jpg
-/fast/snoopy_b/santoni/IMAGES/200-160/ANWRESH1_4584477-00345.jpg
-/fast/snoopy_b/santoni/IMAGES/200-160/ANWRESH1_4584477-00169.jpg
-/fast/snoopy_b/santoni/IMAGES/200-160/ANWRESH1_4584477-00253.jpg
-/fast/snoopy_b/santoni/IMAGES/200-160/ANWRESH1_4584477-00247.jpg
-/fast/snoopy_b/santoni/IMAGES/200-160/ANWRESH1_4584477-00303.jpg
-/fast/snoopy_b/santoni/IMAGES/200-160/ANWRESH1_4584477-00261.jpg
-/fast/snoopy_b/santoni/IMAGES/200-160/ANWRESH1_4584477-00362.jpg
-/fast/snoopy_b/santoni/IMAGES/200-160/ANWRESH1_4584477-00270.jpg
-/fast/snoopy_b/santoni/IMAGES/200-160/ANWRESH1_4584477-00354.jpg
-/fast/snoopy_b/santoni/IMAGES/200-160/ANWRESH1_4584477-00229.jpg
-/fast/snoopy_b/santoni/IMAGES/200-160/ANWRESH1_4584477-00355.jpg
-/fast/snoopy_b/santoni/IMAGES/200-160/ANWRESH1_4584477-00244.jpg
-/fast/snoopy_b/santoni/IMAGES/200-160/ANWRESH1_4584477-00104.jpg
-/fast/snoopy_b/santoni/IMAGES/200-160/ANWRESH1_4584477-00149.jpg
-/fast/snoopy_b/santoni/IMAGES/200-160/ANWRESH1_4584477-00239.jpg
-/fast/snoopy_b/santoni/IMAGES/200-160/ANWRESH1_4584477-00285.jpg
-/fast/snoopy_b/santoni/IMAGES/200-160/ANWRESH1_4584477-00105.jpg
-/fast/snoopy_b/santoni/IMAGES/200-160/ANWRESH1_4584477-00336.jpg
-/fast/snoopy_b/santoni/IMAGES/200-160/ANWRESH1_4584477-00154.jpg
-/fast/snoopy_b/santoni/IMAGES/200-160/ANWRESH1_4584477-00274.jpg
-/fast/snoopy_b/santoni/IMAGES/200-160/ANWRESH1_4584477-00368.jpg
-/fast/snoopy_b/santoni/IMAGES/200-160/ANWRESH1_4584477-00111.jpg
-/fast/snoopy_b/santoni/IMAGES/200-160/ANWRESH1_4584477-00289.jpg
-/fast/snoopy_b/santoni/IMAGES/200-160/ANWRESH1_4584477-00305.jpg
-/fast/snoopy_b/santoni/IMAGES/200-160/ANWRESH1_4584477-00174.jpg
-/fast/snoopy_b/santoni/IMAGES/200-160/ANWRESH1_4584477-00277.jpg
-/fast/snoopy_b/santoni/IMAGES/200-160/ANWRESH1_4584477-00346.jpg
-/fast/snoopy_b/santoni/IMAGES/200-160/ANWRESH1_4584477-00284.jpg
-/fast/snoopy_b/santoni/IMAGES/200-160/ANWRESH1_4584477-00313.jpg
-/fast/snoopy_b/santoni/IMAGES/200-160/ANWRESH1_4584477-00141.jpg
-/fast/snoopy_b/santoni/IMAGES/200-160/ANWRESH1_4584477-00293.jpg
-/fast/snoopy_b/santoni/IMAGES/200-160/ANWRESH1_4584477-00207.jpg
-/fast/snoopy_b/santoni/IMAGES/200-160/ANWRESH1_4584477-00122.jpg
-/fast/snoopy_b/santoni/IMAGES/200-160/ANWRESH1_4584477-00133.jpg
-/fast/snoopy_b/santoni/IMAGES/200-160/ANWRESH1_4584477-00243.jpg
-/fast/snoopy_b/santoni/IMAGES/200-160/ANWRESH1_4584477-00281.jpg
-/fast/snoopy_b/santoni/IMAGES/200-160/ANWRESH1_4584477-00301.jpg
-/fast/snoopy_b/santoni/IMAGES/200-160/ANWRESH1_4584477-00180.jpg
-/fast/snoopy_b/santoni/IMAGES/200-160/ANWRESH1_4584477-00296.jpg
-/fast/snoopy_b/santoni/IMAGES/200-160/ANWRESH1_4584477-00351.jpg

Features estratte in 70.800 s
Distanze calcolate in 313.699 s

----- Risultati -----

Numero di ritagli: 5050
Numero clusters: 425
Media elementi per cluster: 11.8824

-- Clusters--

- Cluster numero 361 (2 elementi):
 South Dakota: 2
- Cluster numero 367 (1 elementi):
 Kansas: 1
- Cluster numero 480 (1 elementi):
 Canada English: 1
- Cluster numero 491 (3 elementi):
 Kansas: 3
- Cluster numero 557 (1 elementi):
 Texas: 1
- Cluster numero 807 (13 elementi):
 United States: 1
 Tennessee: 3
 Illinois: 2
 Colorado: 1
 Indiana: 3
 Louisiana: 1
 Missouri: 2
- Cluster numero 845 (14 elementi):
 Nebraska: 1
 Texas: 1
 Kansas: 7
 Iowa: 1
 Oklahoma: 2
 Missouri: 2
- Cluster numero 1303 (8 elementi):
 Kansas: 1
 Iowa: 1
 Washington: 1
 Missouri: 5
- Cluster numero 1543 (2 elementi):
 Oklahoma: 2
- Cluster numero 1574 (3 elementi):
 Michigan: 2
 Kansas: 1
- Cluster numero 1589 (10 elementi):
 Illinois: 1
 Kansas: 8
 Indiana: 1
- Cluster numero 1623 (2 elementi):
 North Carolina: 1
 California: 1
- Cluster numero 1631 (3 elementi):
 Oklahoma: 3
- Cluster numero 1694 (1 elementi):
 South Dakota: 1
- Cluster numero 1702 (1 elementi):
 South Dakota: 1
- Cluster numero 1927 (1 elementi):
 Nebraska: 1
- Cluster numero 1973 (1 elementi):
 Michigan: 1
- Cluster numero 2005 (1 elementi):
 Kansas: 1
- Cluster numero 2079 (12 elementi):
 Virginia: 1
 Pennsylvania: 1
 California: 1
 Arkansas: 1
 Kansas: 1
 West Virginia: 1
 Oklahoma: 4
 Indiana: 1
 Washington: 1
- Cluster numero 2137 (4 elementi):
 Pennsylvania: 3
 Indiana: 1
- Cluster numero 2184 (2 elementi):
 United States: 2
- Cluster numero 2207 (2 elementi):
 United States: 1
 Georgia: 1
- Cluster numero 2320 (4 elementi):
 Pennsylvania: 2
 North Dakota: 1
 Indiana: 1
- Cluster numero 2364 (21 elementi):
 Tennessee: 1
 Maine: 1
 Georgia: 3
 Kansas: 15
 Germany: 1
- Cluster numero 2376 (45 elementi):
 Virginia: 1
 New York: 2
 Missouri: 1
 Colorado: 1
 Kentucky: 1
 Kansas: 30
 Oklahoma: 1
 Indiana: 1
 Arkansas: 1
 Wisconsin: 1
 Ohio: 1
 Illinois: 3
 Louisiana: 1
- Cluster numero 2521 (14 elementi):
 Kansas: 14
- Cluster numero 2541 (17 elementi):
 Kansas: 17
- Cluster numero 2555 (5 elementi):
 Nebraska: 5
- Cluster numero 2579 (2 elementi):
 Oklahoma: 2
- Cluster numero 2595 (10 elementi):
 Oklahoma: 10
- Cluster numero 2597 (3 elementi):
 United States: 3
- Cluster numero 2598 (4 elementi):
 United States: 4
- Cluster numero 2776 (3 elementi):
 Iowa: 1
 Kansas: 2
- Cluster numero 2780 (24 elementi):
 Sweden: 1
 Illinois: 3
 Kansas: 15
 Arkansas: 1
 Indiana: 2
 Missouri: 2
- Cluster numero 2810 (1 elementi):
 Canada: 1
- Cluster numero 2819 (26 elementi):
 Kentucky: 1
 Sweden: 1
 Illinois: 1
 California: 1
 Arkansas: 9
 Kansas: 5
 Mississippi: 1
 Oklahoma: 2
 Indiana: 3
 Missouri: 2
- Cluster numero 2825 (7 elementi):
 Illinois: 2
 Oklahoma: 4
 Indiana: 1
- Cluster numero 2837 (25 elementi):
 Wisconsin: 1
 Texas: 7
 Illinois: 2
 Ohio: 7
 Kansas: 4
 Iowa: 3
 Germany: 1
- Cluster numero 2847 (9 elementi):
 United States: 1
 Wisconsin: 1
 Michigan: 1
 Kansas: 1
 Indiana: 1
 Oklahoma: 2
 Maryland: 1
 Missouri: 1
- Cluster numero 2862 (56 elementi):
 Russia: 1
 Iowa: 6
 New York: 1
 Brazil: 1
 Missouri: 2
 California: 1
 Kansas: 17
 Oklahoma: 5
 Germany: 2
 Texas: 2
 Florida: 1
 Pennsylvania: 1
 Indiana: 3
 Scotland: 2
 Montana: 1
 France: 1
 Wales: 1
 Illinois: 7
 Tennessee: 1
- Cluster numero 2867 (19 elementi):
 Virginia: 1
 Scotland: 1
 Georgia: 1
 Kansas: 14
 Missouri: 2
- Cluster numero 2871 (23 elementi):
 Idaho: 2
 Illinois: 4
 Arkansas: 1
 Kansas: 16
- Cluster numero 2931 (7 elementi):
 Kansas: 7
- Cluster numero 2999 (8 elementi):
 Nebraska: 1
 Missouri: 7
- Cluster numero 3090 (28 elementi):
 Illinois: 3
 Kansas: 23
 Oklahoma: 2
- Cluster numero 3120 (7 elementi):
 Oklahoma: 7
- Cluster numero 3133 (24 elementi):
 Kansas: 24
- Cluster numero 3148 (2 elementi):
 West Virginia: 2
- Cluster numero 3149 (17 elementi):
 Kentucky: 1
 Kansas: 16
- Cluster numero 3188 (4 elementi):
 Switzerland: 1
 Mississippi: 2
 West Virginia: 1
- Cluster numero 3202 (5 elementi):
 Iowa: 1
 Kansas: 4
- Cluster numero 3204 (3 elementi):
 Arkansas: 1
 Washington: 2
- Cluster numero 3205 (17 elementi):
 Michigan: 2
 Georgia: 1
 Kansas: 5
 West Virginia: 2
 Oklahoma: 1
 Indiana: 1
 Missouri: 5
- Cluster numero 3206 (2 elementi):
 Missouri: 2
- Cluster numero 3208 (3 elementi):
 Missouri: 3
- Cluster numero 3211 (3 elementi):
 Arkansas: 1
 Missouri: 2
- Cluster numero 3213 (7 elementi):
 Iowa: 1
 Kansas: 6
- Cluster numero 3215 (3 elementi):
 Kentucky: 1
 Missouri: 2
- Cluster numero 3218 (6 elementi):
 Nebraska: 2
 California: 1
 Arkansas: 3
- Cluster numero 3220 (3 elementi):
 Louisiana: 3
- Cluster numero 3223 (5 elementi):
 Kentucky: 2
 Australia: 1
 Scotland: 1
 Oklahoma: 1
- Cluster numero 3225 (2 elementi):
 Illinois: 2
- Cluster numero 3227 (8 elementi):
 Nebraska: 1
 Kansas: 7
- Cluster numero 3229 (3 elementi):
 Kentucky: 2
 Mexico: 1
- Cluster numero 3231 (6 elementi):
 Nebraska: 1
 Minnesota: 1
 Arkansas: 1
 Massachusetts: 1
 Missouri: 2
- Cluster numero 3233 (5 elementi):
 Missouri: 5
- Cluster numero 3237 (2 elementi):
 Missouri: 2
- Cluster numero 3239 (3 elementi):
 Irish Free State: 1
 Missouri: 2
- Cluster numero 3240 (3 elementi):
 Missouri: 3
- Cluster numero 3245 (5 elementi):
 Arkansas: 1
 Kansas: 4
- Cluster numero 3247 (10 elementi):
 Texas: 9
 Wales: 1
- Cluster numero 3249 (3 elementi):
 Texas: 2
 Ohio: 1
- Cluster numero 3252 (4 elementi):
 Kansas: 4
- Cluster numero 3256 (3 elementi):
 Oklahoma: 3
- Cluster numero 3260 (2 elementi):
 Missouri: 2
- Cluster numero 3262 (7 elementi):
 Kentucky: 1
 Colorado: 4
 Arkansas: 1
 Missouri: 1
- Cluster numero 3265 (7 elementi):
 Wisconsin: 1
 Nebraska: 1
 Colorado: 3
 Arkansas: 1
 Missouri: 1
- Cluster numero 3268 (2 elementi):
 United States: 2
- Cluster numero 3270 (6 elementi):
 Texas: 6
- Cluster numero 3273 (2 elementi):
 United States: 2
- Cluster numero 3275 (21 elementi):
 Kansas: 21
- Cluster numero 3280 (11 elementi):
 Idaho: 2
 Iowa: 2
 Kansas: 7
- Cluster numero 3283 (8 elementi):
 Ohio: 7
 Iowa: 1
- Cluster numero 3286 (2 elementi):
 Kansas: 2
- Cluster numero 3289 (24 elementi):
 Tennessee: 1
 Kentucky: 1
 Ohio: 1
 Scotland: 1
 Florida: 1
 Arkansas: 1
 Iowa: 1
 Kansas: 15
 Indiana: 2
- Cluster numero 3291 (2 elementi):
 Kansas: 2
- Cluster numero 3295 (8 elementi):
 Missouri: 8
- Cluster numero 3298 (3 elementi):
 Missouri: 3
- Cluster numero 3300 (2 elementi):
 Missouri: 2
- Cluster numero 3303 (3 elementi):
 Missouri: 3
- Cluster numero 3306 (4 elementi):
 Illinois: 1
 Indiana: 1
 Missouri: 2
- Cluster numero 3309 (2 elementi):
 Illinois: 2
- Cluster numero 3312 (4 elementi):
 Nebraska: 1
 Colorado: 2
 Arkansas: 1
- Cluster numero 3315 (2 elementi):
 Kansas: 2
- Cluster numero 3317 (2 elementi):
 United States: 2
- Cluster numero 3320 (4 elementi):
 Indiana: 3
 Missouri: 1
- Cluster numero 3348 (11 elementi):
 Texas: 2
 Nebraska: 1
 Wales: 1
 Iowa: 2
 Kansas: 4
 Missouri: 1
- Cluster numero 3376 (5 elementi):
 Illinois: 5
- Cluster numero 3382 (23 elementi):
 Kansas: 21
 Oklahoma: 1
 Missouri: 1
- Cluster numero 3386 (7 elementi):
 Illinois: 1
 Minnesota: 1
 Iowa: 1
 Kansas: 4
- Cluster numero 3484 (21 elementi):
 Iowa: 1
 Missouri: 3
 Colorado: 1
 Kentucky: 2
 Kansas: 2
 Oklahoma: 3
 Germany: 3
 Pennsylvania: 1
 Indiana: 2
 Nebraska: 1
 South Dakota: 1
 Michigan: 1
- Cluster numero 3506 (16 elementi):
 Scotland: 1
 Kansas: 3
 Iowa: 12
- Cluster numero 3527 (2 elementi):
 United States: 2
- Cluster numero 3529 (6 elementi):
 Ohio: 4
 Kansas: 1
 Missouri: 1
- Cluster numero 3534 (26 elementi):
 Virginia: 1
 Illinois: 1
 Kansas: 23
 Oklahoma: 1
- Cluster numero 3537 (38 elementi):
 Illinois: 2
 Scotland: 1
 Georgia: 1
 Kansas: 29
 Indiana: 3
 Missouri: 2
- Cluster numero 3547 (17 elementi):
 Kentucky: 1
 Kansas: 14
 Missouri: 2
- Cluster numero 3580 (8 elementi):
 Pennsylvania: 4
 Illinois: 1
 Maryland: 1
 Oklahoma: 1
 Canada: 1
- Cluster numero 3592 (8 elementi):
 Tennessee: 1
 Missouri: 7
- Cluster numero 3614 (29 elementi):
 Kansas: 29
- Cluster numero 3638 (8 elementi):
 Pennsylvania: 7
 Louisiana: 1
- Cluster numero 3657 (8 elementi):
 Oklahoma: 8
- Cluster numero 3659 (8 elementi):
 California: 1
 Oklahoma: 7
- Cluster numero 3668 (5 elementi):
 Illinois: 1
 Michigan: 1
 Oklahoma: 3
- Cluster numero 3676 (4 elementi):
 Michigan: 2
 Missouri: 2
- Cluster numero 3679 (5 elementi):
 California: 1
 Michigan: 1
 West Virginia: 1
 Missouri: 2
- Cluster numero 3684 (2 elementi):
 Missouri: 2
- Cluster numero 3687 (9 elementi):
 United States: 1
 Nebraska: 1
 Wisconsin: 1
 Minnesota: 1
 Kansas: 4
 Missouri: 1
- Cluster numero 3689 (9 elementi):
 Nebraska: 1
 Kansas: 1
 Arkansas: 4
 Missouri: 3
- Cluster numero 3690 (7 elementi):
 Michigan: 1
 Minnesota: 1
 Missouri: 5
- Cluster numero 3694 (6 elementi):
 Wisconsin: 2
 Pennsylvania: 1
 Indiana: 1
 Washington: 1
 Missouri: 1
- Cluster numero 3698 (4 elementi):
 Kansas: 4
- Cluster numero 3700 (13 elementi):
 Nebraska: 1
 Tennessee: 1
 Wisconsin: 1
 Michigan: 1
 Arkansas: 1
 Mississippi: 1
 Maryland: 1
 Missouri: 6
- Cluster numero 3702 (3 elementi):
 South Dakota: 1
 Kansas: 2
- Cluster numero 3712 (7 elementi):
 Ohio: 6
 Iowa: 1
- Cluster numero 3715 (14 elementi):
 Kansas: 12
 Oklahoma: 1
 Indiana: 1
- Cluster numero 3720 (2 elementi):
 Kansas: 2
- Cluster numero 3723 (10 elementi):
 Colorado: 1
 Oklahoma: 2
 Missouri: 7
- Cluster numero 3724 (2 elementi):
 Missouri: 2
- Cluster numero 3725 (18 elementi):
 Kentucky: 1
 Illinois: 1
 Iowa: 1
 Kansas: 15
- Cluster numero 3726 (10 elementi):
 Kansas: 10
- Cluster numero 3727 (2 elementi):
 Illinois: 2
- Cluster numero 3728 (10 elementi):
 New York: 1
 Kansas: 9
- Cluster numero 3729 (31 elementi):
 Kentucky: 1
 Wisconsin: 2
 Illinois: 1
 Iowa: 1
 Kansas: 25
 Indiana: 1
- Cluster numero 3730 (15 elementi):
 Illinois: 1
 Kansas: 13
 Oklahoma: 1
- Cluster numero 3731 (18 elementi):
 Nebraska: 1
 Illinois: 1
 Ohio: 1
 Kansas: 10
 Oklahoma: 2
 Indiana: 3
- Cluster numero 3733 (4 elementi):
 Missouri: 4
- Cluster numero 3736 (8 elementi):
 North Carolina: 1
 Kansas: 7
- Cluster numero 3737 (5 elementi):
 Tennessee: 1
 Kansas: 4
- Cluster numero 3738 (5 elementi):
 Ohio: 5
- Cluster numero 3739 (4 elementi):
 Illinois: 3
 Indiana: 1
- Cluster numero 3740 (3 elementi):
 Illinois: 3
- Cluster numero 3741 (3 elementi):
 Illinois: 3
- Cluster numero 3742 (2 elementi):
 Indiana: 2
- Cluster numero 3743 (4 elementi):
 Kansas: 4
- Cluster numero 3744 (4 elementi):
 South Dakota: 1
 Oklahoma: 1
 Indiana: 2
- Cluster numero 3745 (2 elementi):
 Kansas: 2
- Cluster numero 3746 (12 elementi):
 Illinois: 1
 Kansas: 10
 Missouri: 1
- Cluster numero 3747 (6 elementi):
 Kansas: 6
- Cluster numero 3749 (4 elementi):
 Kansas: 4
- Cluster numero 3753 (7 elementi):
 Illinois: 7
- Cluster numero 3762 (6 elementi):
 Missouri: 6
- Cluster numero 3768 (19 elementi):
 Texas: 2
 Kentucky: 1
 Nebraska: 1
 Illinois: 1
 Arkansas: 1
 Kansas: 11
 Indiana: 1
 Missouri: 1
- Cluster numero 3774 (30 elementi):
 Kentucky: 2
 Nebraska: 1
 Illinois: 2
 Kansas: 24
 Indiana: 1
- Cluster numero 3787 (19 elementi):
 Kansas: 18
 Missouri: 1
- Cluster numero 3793 (1 elementi):
 West Virginia: 1
- Cluster numero 3806 (12 elementi):
 Nebraska: 8
 Arkansas: 1
 Iowa: 1
 Mississippi: 1
 Louisiana: 1
- Cluster numero 3830 (35 elementi):
 Tennessee: 1
 Illinois: 1
 Russia: 1
 Japan: 1
 Iowa: 1
 Kansas: 26
 Indiana: 1
 Louisiana: 1
 Missouri: 2
- Cluster numero 3834 (7 elementi):
 Pennsylvania: 4
 Minnesota: 1
 Indiana: 1
 West Virginia: 1
- Cluster numero 3836 (24 elementi):
 Texas: 1
 Illinois: 1
 Ohio: 1
 Kansas: 1
 Iowa: 18
 Indiana: 1
 Oklahoma: 1
- Cluster numero 3837 (2 elementi):
 New York: 2
- Cluster numero 3849 (19 elementi):
 Kansas: 17
 Oklahoma: 2
- Cluster numero 3877 (10 elementi):
 Michigan: 1
 Missouri: 9
- Cluster numero 3881 (31 elementi):
 Illinois: 1
 Kansas: 29
 Indiana: 1
- Cluster numero 3891 (16 elementi):
 Texas: 12
 Russia: 1
 Kansas: 2
 Iowa: 1
- Cluster numero 3892 (41 elementi):
 Iowa: 1
 Virginia: 1
 New York: 1
 Denmark: 1
 Missouri: 5
 Kentucky: 1
 Kansas: 2
 California: 1
 Germany: 3
 Indiana: 7
 Scotland: 1
 Pennsylvania: 2
 Alabama: 1
 Arkansas: 3
 Wisconsin: 2
 Michigan: 2
 Illinois: 3
 Tennessee: 1
 Louisiana: 3
- Cluster numero 3907 (4 elementi):
 Alabama: 3
 Michigan: 1
- Cluster numero 3909 (3 elementi):
 Alabama: 2
 Oklahoma: 1
- Cluster numero 3923 (2 elementi):
 South Dakota: 2
- Cluster numero 3927 (3 elementi):
 Minnesota: 3
- Cluster numero 3942 (9 elementi):
 Alabama: 1
 California: 1
 Czechoslovakia: 1
 Oklahoma: 6
- Cluster numero 3959 (20 elementi):
 Texas: 1
 Ohio: 3
 Europe: 1
 Kansas: 2
 Iowa: 10
 Indiana: 3
- Cluster numero 3971 (39 elementi):
 United States: 1
 Pennsylvania: 1
 Nebraska: 2
 Illinois: 1
 Minnesota: 1
 Iowa: 1
 Kansas: 26
 Mississippi: 1
 Oklahoma: 1
 Missouri: 4
- Cluster numero 3988 (6 elementi):
 Pennsylvania: 6
- Cluster numero 3994 (13 elementi):
 Kentucky: 1
 Colorado: 1
 Arkansas: 7
 Indiana: 1
 West Virginia: 1
 Missouri: 2
- Cluster numero 4000 (28 elementi):
 Missouri: 11
 Colorado: 1
 Canada: 1
 Kansas: 3
 California: 1
 Germany: 1
 Indiana: 1
 Pennsylvania: 2
 Arkansas: 1
 Wisconsin: 1
 Minnesota: 1
 New Mexico: 2
 Mississippi: 1
 Canada English: 1
- Cluster numero 4007 (6 elementi):
 Kansas: 6
- Cluster numero 4039 (19 elementi):
 Wisconsin: 1
 Nebraska: 2
 Kansas: 1
 Indiana: 2
 Montana: 1
 Germany: 1
 New Hampshire: 1
 Missouri: 10
- Cluster numero 4062 (28 elementi):
 Kentucky: 1
 Illinois: 1
 Kansas: 24
 Indiana: 1
 Missouri: 1
- Cluster numero 4066 (4 elementi):
 Switzerland: 1
 Wisconsin: 1
 Arkansas: 2
- Cluster numero 4071 (7 elementi):
 Oklahoma: 7
- Cluster numero 4076 (31 elementi):
 Idaho: 1
 Illinois: 1
 Kansas: 29
- Cluster numero 4079 (5 elementi):
 Arkansas: 1
 Missouri: 4
- Cluster numero 4084 (7 elementi):
 Minnesota: 1
 Iowa: 1
 Louisiana: 1
 Missouri: 4
- Cluster numero 4088 (17 elementi):
 North Carolina: 1
 California: 1
 Kansas: 3
 Arkansas: 1
 Indiana: 1
 Oklahoma: 10
- Cluster numero 4091 (12 elementi):
 Kentucky: 1
 Nebraska: 2
 Colorado: 3
 Minnesota: 1
 Oklahoma: 1
 West Virginia: 1
 Germany: 1
 Missouri: 2
- Cluster numero 4095 (21 elementi):
 Pennsylvania: 1
 Nebraska: 1
 Mexico: 1
 Minnesota: 1
 Kansas: 1
 Indiana: 1
 Louisiana: 1
 Missouri: 14
- Cluster numero 4098 (4 elementi):
 New York: 1
 Missouri: 3
- Cluster numero 4101 (2 elementi):
 Missouri: 2
- Cluster numero 4104 (13 elementi):
 California: 1
 Illinois: 1
 Minnesota: 1
 Kansas: 1
 Maryland: 1
 Louisiana: 1
 Germany: 1
 Missouri: 6
- Cluster numero 4107 (4 elementi):
 Alabama: 1
 Kansas: 3
- Cluster numero 4111 (2 elementi):
 Missouri: 2
- Cluster numero 4113 (26 elementi):
 Alabama: 1
 Illinois: 7
 Colorado: 1
 Ohio: 1
 Arkansas: 1
 Kansas: 12
 Indiana: 3
- Cluster numero 4117 (2 elementi):
 South Dakota: 2
- Cluster numero 4121 (4 elementi):
 Oklahoma: 4
- Cluster numero 4122 (8 elementi):
 Oklahoma: 8
- Cluster numero 4125 (2 elementi):
 South Dakota: 2
- Cluster numero 4129 (2 elementi):
 Oklahoma: 2
- Cluster numero 4131 (2 elementi):
 Kansas: 2
- Cluster numero 4134 (2 elementi):
 Arkansas: 2
- Cluster numero 4137 (7 elementi):
 Arkansas: 1
 Kansas: 1
 Missouri: 5
- Cluster numero 4140 (2 elementi):
 Illinois: 2
- Cluster numero 4143 (8 elementi):
 Illinois: 3
 Ohio: 1
 Kansas: 1
 Indiana: 3
- Cluster numero 4153 (22 elementi):
 no_label: 1
 Illinois: 1
 Kansas: 19
 Missouri: 1
- Cluster numero 4154 (25 elementi):
 Kentucky: 1
 Texas: 1
 Ohio: 1
 Iowa: 1
 Kansas: 20
 Indiana: 1
- Cluster numero 4159 (2 elementi):
 United States: 2
- Cluster numero 4163 (17 elementi):
 California: 1
 Kansas: 15
 Missouri: 1
- Cluster numero 4165 (27 elementi):
 Kansas: 25
 Indiana: 1
 Missouri: 1
- Cluster numero 4166 (16 elementi):
 Sweden: 2
 Texas: 1
 Pennsylvania: 1
 Scotland: 1
 Arkansas: 2
 Indiana: 2
 Maryland: 1
 Oklahoma: 5
 Missouri: 1
- Cluster numero 4173 (3 elementi):
 Illinois: 3
- Cluster numero 4175 (3 elementi):
 Illinois: 2
 Kansas: 1
- Cluster numero 4177 (11 elementi):
 Kansas: 1
 Oklahoma: 1
 Indiana: 1
 Missouri: 8
- Cluster numero 4179 (4 elementi):
 Missouri: 4
- Cluster numero 4180 (7 elementi):
 Missouri: 7
- Cluster numero 4183 (2 elementi):
 Missouri: 2
- Cluster numero 4185 (17 elementi):
 Texas: 5
 Illinois: 2
 Mexico: 1
 Ohio: 1
 Kansas: 3
 Iowa: 4
 Indiana: 1
- Cluster numero 4186 (2 elementi):
 Missouri: 2
- Cluster numero 4187 (17 elementi):
 Illinois: 2
 Kansas: 12
 Missouri: 3
- Cluster numero 4188 (10 elementi):
 Czechoslovakia: 1
 Kansas: 1
 Oklahoma: 1
 Washington: 1
 Missouri: 6
- Cluster numero 4189 (9 elementi):
 Tennessee: 1
 Missouri: 8
- Cluster numero 4190 (15 elementi):
 North Carolina: 1
 Tennessee: 1
 Pennsylvania: 1
 Illinois: 1
 Arkansas: 1
 Kansas: 1
 Mississippi: 1
 Missouri: 7
 Germany: 1
- Cluster numero 4191 (2 elementi):
 Missouri: 2
- Cluster numero 4192 (5 elementi):
 Texas: 1
 Kansas: 1
 Iowa: 2
 Oklahoma: 1
- Cluster numero 4193 (3 elementi):
 Kentucky: 2
 Colorado: 1
- Cluster numero 4194 (2 elementi):
 Iowa: 2
- Cluster numero 4195 (3 elementi):
 Kansas: 3
- Cluster numero 4196 (5 elementi):
 Texas: 1
 Iowa: 2
 Missouri: 2
- Cluster numero 4197 (5 elementi):
 Oklahoma: 1
 West Virginia: 1
 Missouri: 3
- Cluster numero 4199 (3 elementi):
 Indiana: 1
 Missouri: 2
- Cluster numero 4200 (25 elementi):
 Tennessee: 1
 Texas: 7
 Ohio: 5
 Kansas: 2
 Iowa: 8
 Washington: 1
 Missouri: 1
- Cluster numero 4221 (26 elementi):
 Kentucky: 1
 Illinois: 1
 New York: 1
 Arkansas: 1
 Kansas: 21
 Missouri: 1
- Cluster numero 4247 (12 elementi):
 Wisconsin: 1
 Nebraska: 1
 California: 1
 Illinois: 1
 Colorado: 1
 Michigan: 1
 Indiana: 1
 Missouri: 5
- Cluster numero 4248 (7 elementi):
 Illinois: 7
- Cluster numero 4252 (22 elementi):
 Sweden: 1
 Kansas: 21
- Cluster numero 4255 (15 elementi):
 Indiana: 1
 Missouri: 14
- Cluster numero 4259 (6 elementi):
 Kansas: 1
 Mississippi: 1
 Missouri: 4
- Cluster numero 4263 (11 elementi):
 Indiana: 1
 Oklahoma: 10
- Cluster numero 4272 (9 elementi):
 Nebraska: 1
 Ohio: 1
 Oklahoma: 7
- Cluster numero 4274 (8 elementi):
 Illinois: 8
- Cluster numero 4275 (18 elementi):
 Alabama: 1
 Nebraska: 1
 Illinois: 3
 Colorado: 1
 Kansas: 10
 Indiana: 2
- Cluster numero 4285 (16 elementi):
 California: 1
 Arkansas: 1
 Kansas: 11
 Indiana: 1
 Missouri: 2
- Cluster numero 4290 (18 elementi):
 Tennessee: 2
 Kansas: 1
 Missouri: 15
- Cluster numero 4300 (1 elementi):
 Kansas: 1
- Cluster numero 4308 (6 elementi):
 Oklahoma: 6
- Cluster numero 4310 (1 elementi):
 Indiana: 1
- Cluster numero 4320 (21 elementi):
 California: 1
 Colorado: 1
 Kansas: 18
 Missouri: 1
- Cluster numero 4323 (6 elementi):
 Arkansas: 4
 Indiana: 1
 Oklahoma: 1
- Cluster numero 4328 (17 elementi):
 Pennsylvania: 1
 California: 1
 Michigan: 1
 Oklahoma: 1
 Montana: 1
 Missouri: 12
- Cluster numero 4333 (10 elementi):
 Texas: 1
 Kansas: 2
 Oklahoma: 6
 Indiana: 1
- Cluster numero 4340 (23 elementi):
 Pennsylvania: 1
 Illinois: 1
 Kansas: 21
- Cluster numero 4342 (17 elementi):
 New Jersey: 1
 Texas: 2
 Tennessee: 3
 Illinois: 1
 Mexico: 1
 Iowa: 1
 Kansas: 5
 Oklahoma: 1
 Arizona: 1
 Missouri: 1
- Cluster numero 4345 (22 elementi):
 Kansas: 22
- Cluster numero 4346 (35 elementi):
 Virginia: 1
 Wisconsin: 5
 Kentucky: 1
 Illinois: 1
 New York: 1
 Michigan: 2
 Arkansas: 2
 Kansas: 10
 Indiana: 1
 Oklahoma: 3
 Missouri: 8
- Cluster numero 4351 (12 elementi):
 Illinois: 10
 Kansas: 1
 Indiana: 1
- Cluster numero 4358 (4 elementi):
 United States: 2
 Arkansas: 1
 Missouri: 1
- Cluster numero 4363 (10 elementi):
 United States: 1
 Illinois: 1
 Iowa: 1
 Kansas: 6
 Indiana: 1
- Cluster numero 4374 (42 elementi):
 United States: 1
 Virginia: 1
 Texas: 1
 Pennsylvania: 1
 Illinois: 14
 Colorado: 1
 Iowa: 2
 Kansas: 15
 Oklahoma: 6
- Cluster numero 4379 (13 elementi):
 Illinois: 7
 Michigan: 1
 Kansas: 4
 Oklahoma: 1
- Cluster numero 4385 (14 elementi):
 Illinois: 3
 Kansas: 8
 Oklahoma: 1
 Indiana: 1
 Missouri: 1
- Cluster numero 4390 (15 elementi):
 Alabama: 1
 Pennsylvania: 1
 Illinois: 1
 Ohio: 1
 Kansas: 2
 Indiana: 1
 Oklahoma: 8
- Cluster numero 4391 (20 elementi):
 Illinois: 2
 Kansas: 18
- Cluster numero 4392 (8 elementi):
 Kansas: 2
 Oklahoma: 6
- Cluster numero 4404 (24 elementi):
 Illinois: 1
 Kansas: 23
- Cluster numero 4434 (23 elementi):
 Illinois: 3
 Georgia: 1
 Kansas: 17
 Oklahoma: 2
- Cluster numero 4444 (17 elementi):
 Alabama: 1
 Virginia: 1
 Pennsylvania: 1
 Oklahoma: 14
- Cluster numero 4454 (7 elementi):
 Michigan: 1
 Minnesota: 1
 Missouri: 5
- Cluster numero 4456 (10 elementi):
 Kansas: 10
- Cluster numero 4467 (13 elementi):
 Michigan: 1
 Scotland: 1
 Kansas: 10
 Indiana: 1
- Cluster numero 4485 (21 elementi):
 Texas: 11
 Ohio: 2
 Florida: 1
 Arkansas: 1
 Kansas: 2
 Iowa: 3
 Missouri: 1
- Cluster numero 4489 (23 elementi):
 Wisconsin: 1
 Illinois: 1
 Kansas: 18
 Indiana: 1
 Missouri: 1
 Germany: 1
- Cluster numero 4498 (36 elementi):
 Minnesota: 1
 Arkansas: 1
 Kansas: 31
 Indiana: 1
 Oklahoma: 2
- Cluster numero 4500 (30 elementi):
 Illinois: 1
 Michigan: 1
 Kansas: 27
 Missouri: 1
- Cluster numero 4504 (21 elementi):
 Nebraska: 1
 England: 1
 Iowa: 1
 Kansas: 18
- Cluster numero 4511 (18 elementi):
 Texas: 4
 Mexico: 1
 Arkansas: 2
 Iowa: 5
 Kansas: 4
 Indiana: 1
 Germany: 1
- Cluster numero 4522 (4 elementi):
 Kansas: 2
 Oklahoma: 1
 Indiana: 1
- Cluster numero 4524 (26 elementi):
 Nebraska: 1
 Illinois: 1
 Vermont: 1
 Arkansas: 2
 Kansas: 17
 Oklahoma: 1
 Indiana: 2
 Missouri: 1
- Cluster numero 4529 (17 elementi):
 Kansas: 16
 Missouri: 1
- Cluster numero 4532 (8 elementi):
 Kansas: 8
- Cluster numero 4536 (9 elementi):
 Texas: 1
 Ohio: 5
 Kansas: 1
 Iowa: 2
- Cluster numero 4537 (15 elementi):
 Kansas: 15
- Cluster numero 4541 (27 elementi):
 South Dakota: 1
 Kansas: 26
- Cluster numero 4548 (22 elementi):
 Texas: 1
 Ohio: 2
 Kansas: 4
 Iowa: 14
 Oklahoma: 1
- Cluster numero 4551 (1 elementi):
 Missouri: 1
- Cluster numero 4554 (23 elementi):
 Nebraska: 1
 Tennessee: 1
 Texas: 4
 Illinois: 2
 Russia: 2
 Georgia: 1
 Iowa: 1
 Kansas: 8
 Missouri: 3
- Cluster numero 4563 (18 elementi):
 Tennessee: 1
 Texas: 2
 Mexico: 1
 Russia: 1
 Iowa: 2
 Kansas: 10
 Missouri: 1
- Cluster numero 4575 (38 elementi):
 Texas: 1
 Nebraska: 1
 Wyoming: 1
 Iowa: 1
 Kansas: 31
 Missouri: 3
- Cluster numero 4577 (2 elementi):
 Illinois: 1
 Kansas: 1
- Cluster numero 4579 (31 elementi):
 United States: 1
 Pennsylvania: 1
 Nebraska: 1
 Illinois: 1
 Ohio: 1
 Russia: 1
 New York: 2
 England: 2
 Kansas: 17
 Indiana: 4
- Cluster numero 4585 (10 elementi):
 Ohio: 9
 Kansas: 1
- Cluster numero 4588 (2 elementi):
 Kansas: 1
 Iowa: 1
- Cluster numero 4590 (23 elementi):
 Colorado: 1
 Kansas: 18
 Missouri: 4
- Cluster numero 4603 (33 elementi):
 Kentucky: 1
 Illinois: 1
 Kansas: 27
 Indiana: 1
 Mississippi: 1
 Missouri: 2
- Cluster numero 4605 (6 elementi):
 Nebraska: 6
- Cluster numero 4607 (8 elementi):
 Nebraska: 3
 Illinois: 1
 Colorado: 3
 Arkansas: 1
- Cluster numero 4610 (81 elementi):
 Illinois: 1
 California: 1
 Scotland: 1
 Wyoming: 1
 Kansas: 70
 Louisiana: 1
 Germany: 1
 Missouri: 5
- Cluster numero 4619 (39 elementi):
 Kentucky: 1
 Texas: 1
 Illinois: 2
 Ohio: 1
 Minnesota: 1
 Iowa: 1
 Kansas: 31
 Missouri: 1
- Cluster numero 4632 (20 elementi):
 Illinois: 3
 Florida: 1
 Kansas: 16
- Cluster numero 4633 (3 elementi):
 Oklahoma: 3
- Cluster numero 4634 (10 elementi):
 Texas: 8
 Illinois: 2
- Cluster numero 4635 (18 elementi):
 Kansas: 13
 Indiana: 5
- Cluster numero 4645 (6 elementi):
 New Jersey: 1
 South Dakota: 1
 New York: 2
 Mississippi: 1
 West Virginia: 1
- Cluster numero 4654 (2 elementi):
 Massachusetts: 2
- Cluster numero 4658 (29 elementi):
 Idaho: 1
 Kansas: 28
- Cluster numero 4664 (18 elementi):
 Texas: 2
 Illinois: 3
 Iowa: 2
 Kansas: 11
- Cluster numero 4669 (5 elementi):
 Michigan: 3
 Kansas: 1
 Missouri: 1
- Cluster numero 4671 (1 elementi):
 India: 1
- Cluster numero 4677 (5 elementi):
 Illinois: 1
 Ohio: 4
- Cluster numero 4683 (6 elementi):
 Illinois: 6
- Cluster numero 4686 (2 elementi):
 South Dakota: 1
 Switzerland: 1
- Cluster numero 4691 (1 elementi):
 Kansas: 1
- Cluster numero 4693 (9 elementi):
 Kansas: 2
 Indiana: 2
 Oklahoma: 1
 Missouri: 1
 Germany: 3
- Cluster numero 4701 (1 elementi):
 United States: 1
- Cluster numero 4706 (14 elementi):
 Texas: 1
 Illinois: 5
 Colorado: 1
 Florida: 1
 Kansas: 3
 Oklahoma: 1
 Indiana: 1
 Missouri: 1
- Cluster numero 4707 (8 elementi):
 Alabama: 1
 Michigan: 1
 Kansas: 1
 Canada English: 1
 Missouri: 4
- Cluster numero 4708 (1 elementi):
 Kansas: 1
- Cluster numero 4709 (24 elementi):
 North Carolina: 1
 Nebraska: 1
 Illinois: 5
 Colorado: 1
 Mexico: 1
 Georgia: 2
 Kansas: 11
 Missouri: 2
- Cluster numero 4713 (18 elementi):
 Nebraska: 1
 Colorado: 1
 Kansas: 15
 Oklahoma: 1
- Cluster numero 4714 (45 elementi):
 Idaho: 1
 Kentucky: 1
 Pennsylvania: 1
 Illinois: 5
 Mexico: 1
 Iowa: 2
 Kansas: 27
 Oklahoma: 2
 Missouri: 5
- Cluster numero 4717 (16 elementi):
 Missouri: 1
 Kentucky: 1
 Kansas: 1
 Oklahoma: 5
 Texas: 1
 Indiana: 1
 Scotland: 1
 Nebraska: 1
 Montana: 1
 Michigan: 1
 Illinois: 1
 Oregon: 1
- Cluster numero 4718 (16 elementi):
 Kentucky: 3
 Nebraska: 1
 Michigan: 1
 Kansas: 1
 Oklahoma: 1
 Washington: 1
 Arizona: 1
 Missouri: 7
- Cluster numero 4729 (16 elementi):
 Texas: 1
 Ohio: 6
 Minnesota: 1
 Kansas: 4
 Iowa: 3
 Missouri: 1
- Cluster numero 4735 (6 elementi):
 United States: 1
 Pennsylvania: 1
 Ohio: 1
 Kansas: 3
- Cluster numero 4737 (25 elementi):
 United States: 1
 Colorado: 1
 New York: 1
 Kansas: 5
 Arkansas: 1
 Indiana: 1
 Oklahoma: 3
 Canada: 1
 Missouri: 11
- Cluster numero 4748 (15 elementi):
 Nebraska: 1
 Kentucky: 1
 Texas: 2
 Illinois: 2
 Ohio: 6
 Arkansas: 1
 Kansas: 1
 Indiana: 1
- Cluster numero 4749 (10 elementi):
 United States: 1
 Pennsylvania: 7
 Arkansas: 1
 Canada English: 1
- Cluster numero 4751 (15 elementi):
 Switzerland: 1
 Pennsylvania: 1
 Tennessee: 1
 Illinois: 1
 Russia: 1
 Florida: 1
 Kansas: 5
 Alaska: 1
 Oklahoma: 2
 Missouri: 1
- Cluster numero 4756 (33 elementi):
 Virginia: 1
 Kansas: 28
 Maryland: 1
 Indiana: 2
 Missouri: 1
- Cluster numero 4758 (20 elementi):
 Connecticut: 1
 Michigan: 1
 England: 1
 Iowa: 1
 Kansas: 11
 Indiana: 1
 Oklahoma: 1
 Germany: 1
 Missouri: 2
- Cluster numero 4763 (29 elementi):
 Texas: 16
 Illinois: 2
 Ohio: 4
 Kansas: 3
 Iowa: 4
- Cluster numero 4767 (26 elementi):
 Kentucky: 1
 Nebraska: 1
 France: 1
 Arkansas: 3
 Kansas: 16
 Indiana: 1
 Missouri: 3
- Cluster numero 4769 (7 elementi):
 Oklahoma: 1
 Missouri: 6
- Cluster numero 4770 (9 elementi):
 Oklahoma: 3
 Missouri: 6
- Cluster numero 4771 (39 elementi):
 Kansas: 38
 Missouri: 1
- Cluster numero 4772 (11 elementi):
 Illinois: 2
 Kansas: 9
- Cluster numero 4773 (17 elementi):
 Wisconsin: 1
 Kansas: 10
 West Virginia: 1
 Indiana: 1
 Missouri: 4
- Cluster numero 4783 (8 elementi):
 Missouri: 8
- Cluster numero 4801 (26 elementi):
 Illinois: 2
 Florida: 1
 Kansas: 20
 Indiana: 1
 Missouri: 2
- Cluster numero 4805 (20 elementi):
 Wisconsin: 1
 Nebraska: 1
 Illinois: 1
 Colorado: 1
 Florida: 1
 Kansas: 10
 Oklahoma: 1
 Missouri: 4
- Cluster numero 4810 (21 elementi):
 Pennsylvania: 1
 Wisconsin: 1
 Tennessee: 1
 Illinois: 2
 Arkansas: 1
 Kansas: 14
 Missouri: 1
- Cluster numero 4813 (16 elementi):
 Wisconsin: 1
 Nebraska: 1
 Minnesota: 1
 Arkansas: 2
 Louisiana: 1
 Missouri: 10
- Cluster numero 4814 (4 elementi):
 Kansas: 3
 Missouri: 1
- Cluster numero 4822 (5 elementi):
 Kentucky: 4
 Minnesota: 1
- Cluster numero 4826 (15 elementi):
 Texas: 1
 Ohio: 2
 Kansas: 2
 Massachusetts: 1
 Iowa: 9
- Cluster numero 4835 (22 elementi):
 Kansas: 22
- Cluster numero 4838 (5 elementi):
 Kentucky: 1
 New York: 4
- Cluster numero 4841 (12 elementi):
 Kansas: 11
 Indiana: 1
- Cluster numero 4844 (12 elementi):
 Indiana: 10
 Montana: 1
 Missouri: 1
- Cluster numero 4849 (9 elementi):
 Texas: 6
 India: 1
 Iowa: 2
- Cluster numero 4851 (12 elementi):
 Oklahoma: 12
- Cluster numero 4855 (7 elementi):
 Oklahoma: 7
- Cluster numero 4856 (31 elementi):
 Virginia: 1
 Pennsylvania: 1
 Sweden: 1
 Illinois: 2
 Arkansas: 2
 Kansas: 22
 Indiana: 1
 Missouri: 1
- Cluster numero 4858 (21 elementi):
 Oklahoma: 20
 Missouri: 1
- Cluster numero 4860 (12 elementi):
 New Jersey: 1
 California: 1
 Michigan: 1
 Oklahoma: 8
 Missouri: 1
- Cluster numero 4866 (6 elementi):
 California: 1
 Oklahoma: 4
 Rhode Island: 1
- Cluster numero 4868 (13 elementi):
 Nebraska: 1
 California: 2
 Ohio: 1
 Colorado: 1
 Arkansas: 8
- Cluster numero 4869 (20 elementi):
 Illinois: 1
 New York: 1
 Kansas: 18
- Cluster numero 4872 (7 elementi):
 Oklahoma: 7
- Cluster numero 4877 (24 elementi):
 Illinois: 1
 Colorado: 1
 Iowa: 1
 Kansas: 21
- Cluster numero 4878 (15 elementi):
 Texas: 1
 Illinois: 1
 Iowa: 1
 Kansas: 11
 Missouri: 1
- Cluster numero 4880 (7 elementi):
 Oklahoma: 7
- Cluster numero 4884 (50 elementi):
 New York: 1
 District of Columbia: 1
 Denmark: 1
 Missouri: 8
 Colorado: 2
 Kansas: 20
 Germany: 1
 Georgia: 1
 Indiana: 2
 Arkansas: 4
 Washington: 1
 Wisconsin: 2
 Switzerland: 1
 Illinois: 1
 Michigan: 2
 Mississippi: 1
 Louisiana: 1
- Cluster numero 4885 (20 elementi):
 Kansas: 19
 Missouri: 1
- Cluster numero 4886 (12 elementi):
 Connecticut: 1
 England: 1
 Indiana: 8
 Germany: 2
- Cluster numero 4888 (19 elementi):
 Oklahoma: 19
- Cluster numero 4896 (6 elementi):
 Oklahoma: 6
- Cluster numero 4897 (13 elementi):
 Denmark: 1
 New York: 1
 Minnesota: 2
 Vermont: 2
 Mississippi: 2
 Washington: 1
 Missouri: 4
- Cluster numero 4899 (9 elementi):
 Illinois: 1
 Kansas: 8
- Cluster numero 4901 (1 elementi):
 Illinois: 1
- Cluster numero 4908 (8 elementi):
 Arkansas: 3
 Kansas: 1
 Massachusetts: 1
 West Virginia: 1
 Oklahoma: 1
 Washington: 1
- Cluster numero 4910 (1 elementi):
 Philippine Islands: 1
- Cluster numero 4912 (1 elementi):
 Pennsylvania: 1
- Cluster numero 4918 (16 elementi):
 Wisconsin: 1
 Nebraska: 2
 New York: 1
 Mississippi: 2
 Missouri: 10
- Cluster numero 4919 (5 elementi):
 Kansas: 4
 Oklahoma: 1
- Cluster numero 4922 (12 elementi):
 Illinois: 6
 Arkansas: 1
 Kansas: 4
 Missouri: 1
- Cluster numero 4923 (19 elementi):
 Illinois: 2
 Kansas: 16
 Montana: 1
- Cluster numero 4927 (11 elementi):
 Kentucky: 1
 Illinois: 2
 Kansas: 8
- Cluster numero 4930 (15 elementi):
 Texas: 1
 Illinois: 1
 Kansas: 13
- Cluster numero 4931 (9 elementi):
 Illinois: 3
 Kansas: 6
- Cluster numero 4932 (7 elementi):
 Oklahoma: 7
- Cluster numero 4935 (5 elementi):
 New Mexico: 1
 New York: 3
 Maryland: 1
- Cluster numero 4936 (1 elementi):
 Kentucky: 1
- Cluster numero 4937 (1 elementi):
 Oklahoma: 1
- Cluster numero 4938 (7 elementi):
 Oklahoma: 7
- Cluster numero 4941 (12 elementi):
 Kansas: 12
- Cluster numero 4943 (3 elementi):
 Kansas: 3
- Cluster numero 4944 (12 elementi):
 Illinois: 2
 Kansas: 10
- Cluster numero 4945 (4 elementi):
 Nebraska: 2
 Colorado: 1
 Washington: 1
- Cluster numero 4946 (10 elementi):
 Kansas: 9
 Oklahoma: 1
- Cluster numero 4947 (5 elementi):
 Massachusetts: 1
 Arkansas: 2
 Missouri: 2
- Cluster numero 4952 (38 elementi):
 Arizona: 1
 Russia: 1
 Iowa: 3
 Missouri: 4
 Colorado: 1
 Kentucky: 1
 Kansas: 16
 Germany: 1
 Texas: 2
 Georgia: 2
 Wales: 1
 Ohio: 2
 Illinois: 2
 Louisiana: 1
- Cluster numero 4953 (6 elementi):
 Illinois: 6
- Cluster numero 4956 (7 elementi):
 United States: 1
 Pennsylvania: 1
 Minnesota: 2
 Massachusetts: 2
 Louisiana: 1
- Cluster numero 4957 (2 elementi):
 Pennsylvania: 2
- Cluster numero 4958 (6 elementi):
 New Jersey: 1
 New York: 1
 England: 1
 West Virginia: 1
 Indiana: 1
 Missouri: 1
- Cluster numero 4959 (4 elementi):
 New York: 4
- Cluster numero 4963 (9 elementi):
 Illinois: 7
 Kansas: 1
 Missouri: 1
- Cluster numero 4966 (20 elementi):
 Utah: 1
 Kansas: 17
 Missouri: 2
- Cluster numero 4969 (28 elementi):
 Nebraska: 5
 Wisconsin: 2
 California: 1
 Colorado: 1
 New York: 1
 Minnesota: 1
 Kansas: 1
 Oklahoma: 2
 Missouri: 14
- Cluster numero 4971 (42 elementi):
 Kansas: 40
 Missouri: 2
- Cluster numero 4973 (9 elementi):
 Illinois: 9
- Cluster numero 4974 (3 elementi):
 United States: 2
 North Carolina: 1
- Cluster numero 4976 (38 elementi):
 Nebraska: 1
 Illinois: 4
 Minnesota: 1
 Kansas: 31
 Indiana: 1
- Cluster numero 4977 (18 elementi):
 Illinois: 1
 Iowa: 1
 Kansas: 14
 Indiana: 2
- Cluster numero 4978 (16 elementi):
 Illinois: 1
 Iowa: 1
 Kansas: 14
- Cluster numero 4980 (19 elementi):
 United States: 1
 Texas: 1
 Idaho: 1
 Michigan: 1
 Colorado: 1
 Kansas: 5
 Iowa: 9
- Cluster numero 4987 (24 elementi):
 Texas: 1
 Kansas: 22
 Missouri: 1
- Cluster numero 4988 (6 elementi):
 Minnesota: 1
 Missouri: 5
- Cluster numero 4989 (3 elementi):
 New York: 1
 Missouri: 2
- Cluster numero 4995 (5 elementi):
 Nebraska: 4
 Delaware: 1
- Cluster numero 4998 (2 elementi):
 Canada: 2
- Cluster numero 5000 (39 elementi):
 Tennessee: 1
 Texas: 1
 Kentucky: 1
 Russia: 1
 Kansas: 31
 Oklahoma: 1
 Missouri: 3
- Cluster numero 5001 (22 elementi):
 Texas: 2
 Ohio: 13
 Kansas: 2
 Iowa: 3
 Indiana: 1
 Italy: 1
- Cluster numero 5006 (13 elementi):
 Kansas: 10
 Oklahoma: 2
 Norway: 1
- Cluster numero 5011 (24 elementi):
 Wisconsin: 2
 Iowa: 1
 Kansas: 20
 Oklahoma: 1
- Cluster numero 5017 (13 elementi):
 Nebraska: 1
 Kansas: 12
- Cluster numero 5018 (17 elementi):
 Kentucky: 1
 Illinois: 11
 New York: 1
 Kansas: 2
 Oklahoma: 1
 Missouri: 1
- Cluster numero 5025 (1 elementi):
 Canada: 1
- Cluster numero 5028 (6 elementi):
 South Dakota: 6
- Cluster numero 5036 (14 elementi):
 Illinois: 1
 Arkansas: 1
 Kansas: 1
 Oklahoma: 11
- Cluster numero 5037 (3 elementi):
 Oklahoma: 3
- Cluster numero 5043 (17 elementi):
 California: 1
 Illinois: 6
 New York: 2
 Iowa: 1
 Kansas: 4
 Delaware: 1
 Missouri: 2
- Cluster numero 5044 (21 elementi):
 South Dakota: 1
 Wisconsin: 1
 California: 1
 Illinois: 2
 Kansas: 15
 Oklahoma: 1
- Cluster numero 5046 (5 elementi):
 Illinois: 1
 Kansas: 4
- Cluster numero 5047 (21 elementi):
 United States: 1
 Wisconsin: 1
 Texas: 2
 Illinois: 1
 Colorado: 1
 Ohio: 3
 Iowa: 5
 Arkansas: 1
 Kansas: 4
 Oklahoma: 2
- Cluster numero 5049 (5 elementi):
 Illinois: 4
 Indiana: 1

Numero cluster corretti: 138
Elementi in cluster corretti: 651
La precisione del clustering : 71.1287
La precisione media del clustering  76.6637
Tempo totale di esecuzione: 5444.430 s